2025-12-11 19:07:46.664 | INFO     | run_predict:main:335 - 
开始预测【双色球】

2025-12-11 19:07:46.664 | INFO     | run_predict:load_models:29 - 加载【双色球】模型...
2025-12-11 19:07:47.416 | INFO     | modeling:load:625 - 多标签模型已加载: F:\项目\lottery_forecast\model\ssq/red_ball_model/red_ball_model.h5
2025-12-11 19:07:47.417 | INFO     | run_predict:load_models:65 - ✓ 红球模型已加载
2025-12-11 19:07:47.497 | INFO     | modeling:load:239 - 模型已加载: F:\项目\lottery_forecast\model\ssq/blue_ball_model/blue_ball_model.h5
2025-12-11 19:07:47.497 | INFO     | run_predict:load_models:105 - ✓ 蓝球模型已加载
2025-12-11 19:07:47.497 | INFO     | run_predict:get_predict_data:115 - 获取【双色球】最新数据...
2025-12-11 19:07:47.501 | INFO     | run_predict:get_predict_data:123 - 已加载本地数据: 3387 条记录
2025-12-11 19:07:48.053 | INFO     | get_data:get_current_number:49 - 获取最新期号：25142
2025-12-11 19:07:48.054 | INFO     | run_predict:get_predict_data:136 - 最新期号: 25142
2025-12-11 19:07:48.055 | INFO     | get_data:spider:73 - 正在爬取数据: https://datachart.500.com/ssq/history/newinc/history.php?start=25001&end=25142
2025-12-11 19:07:48.680 | INFO     | get_data:spider:121 - 成功获取 142 期数据
2025-12-11 19:07:48.682 | INFO     | run_predict:get_predict_data:182 - 获取了 3529 条数据
2025-12-11 19:07:48.683 | INFO     | run_predict:predict_next_draw:231 - 
============================================================
2025-12-11 19:07:48.683 | INFO     | run_predict:predict_next_draw:232 - 【双色球】预测结果
2025-12-11 19:07:48.683 | INFO     | run_predict:predict_next_draw:233 - ============================================================
2025-12-11 19:07:48.683 | INFO     | run_predict:predict_next_draw:239 - 预测红球...
2025-12-11 19:07:49.082 | INFO     | run_predict:predict_next_draw:250 - 预测蓝球...
2025-12-11 19:07:49.266 | INFO     | run_predict:predict_next_draw:262 - 
【预测红球】: [2, 5, 7, 8, 14, 27]
2025-12-11 19:07:49.266 | INFO     | run_predict:predict_next_draw:263 - 【预测蓝球】: 16
2025-12-11 19:07:49.267 | INFO     | run_predict:predict_next_draw:264 - 
【完整预测】: 红球 02 05 07 08 14 27, 蓝球 16
2025-12-11 19:07:49.267 | INFO     | run_predict:get_top_predictions:295 - 
【Top 5 可能性】
2025-12-11 19:07:49.267 | INFO     | run_predict:get_top_predictions:296 - ------------------------------------------------------------
2025-12-11 19:07:49.359 | INFO     | run_predict:get_top_predictions:329 - 红球 Top 5: [14  5  8  2  7]
2025-12-11 19:07:49.359 | INFO     | run_predict:get_top_predictions:330 - 蓝球 Top 5: [16  1 15 12  6]
2025-12-11 19:07:49.359 | INFO     | run_predict:main:359 - 
============================================================
2025-12-11 19:07:49.359 | INFO     | run_predict:main:360 - 预测时间: 2025-12-11 19:07:49
2025-12-11 19:07:49.359 | INFO     | run_predict:main:361 - ============================================================
2025-12-11 19:07:49.359 | INFO     | run_predict:main:362 - 
⚠️  免责声明: 此预测仅供娱乐参考，不构成投资建议
2025-12-11 19:07:49.360 | INFO     | run_predict:main:363 - 彩票具有风险性，请理性购彩

