2025-11-18 16:08:50.691 | INFO     | __main__:main:209 - 
开始预测【双色球】

2025-11-18 16:08:50.691 | INFO     | __main__:load_models:27 - 加载【双色球】模型...
2025-11-18 16:08:51.508 | INFO     | modeling:load:313 - 多输出模型已加载: F:\项目\predict_Lottery_ticket\model\ssq/red_ball_model/red_ball_model.h5
2025-11-18 16:08:51.509 | INFO     | __main__:load_models:52 - ✓ 红球模型已加载
2025-11-18 16:08:51.602 | INFO     | modeling:load:313 - 多输出模型已加载: F:\项目\predict_Lottery_ticket\model\ssq/blue_ball_model/blue_ball_model.h5
2025-11-18 16:08:51.603 | INFO     | __main__:load_models:74 - ✓ 蓝球模型已加载
2025-11-18 16:08:51.603 | INFO     | __main__:get_predict_data:81 - 获取【双色球】最新数据...
2025-11-18 16:08:52.107 | INFO     | get_data:get_current_number:49 - 获取最新期号：25132
2025-11-18 16:08:52.109 | INFO     | __main__:get_predict_data:89 - 最新期号: 25132
2025-11-18 16:08:52.109 | INFO     | get_data:spider:73 - 正在爬取数据: https://datachart.500.com/ssq/history/newinc/history.php?start=25001&end=25132
2025-11-18 16:08:52.673 | INFO     | get_data:spider:121 - 成功获取 132 期数据
2025-11-18 16:08:52.674 | INFO     | __main__:get_predict_data:98 - 获取了 132 条最近数据（从25001期到25132期）
2025-11-18 16:08:52.675 | INFO     | __main__:predict_next_draw:130 - 
============================================================
2025-11-18 16:08:52.675 | INFO     | __main__:predict_next_draw:131 - 【双色球】预测结果
2025-11-18 16:08:52.675 | INFO     | __main__:predict_next_draw:132 - ============================================================
2025-11-18 16:08:52.676 | INFO     | __main__:predict_next_draw:135 - 预测红球...
2025-11-18 16:08:53.030 | INFO     | __main__:predict_next_draw:139 - 预测蓝球...
2025-11-18 16:08:53.331 | INFO     | __main__:predict_next_draw:152 - 
【预测红球】: [np.int64(1), np.int64(7), np.int64(13), np.int64(22), np.int64(26), np.int64(32)]
2025-11-18 16:08:53.331 | INFO     | __main__:predict_next_draw:153 - 【预测蓝球】: 15
2025-11-18 16:08:53.331 | INFO     | __main__:predict_next_draw:154 - 
【完整预测】: 红球 01 07 13 22 26 32, 蓝球 15
2025-11-18 16:08:53.332 | INFO     | __main__:get_top_predictions:181 - 
【Top 5 可能性】
2025-11-18 16:08:53.332 | INFO     | __main__:get_top_predictions:182 - ------------------------------------------------------------
2025-11-18 16:08:53.447 | INFO     | __main__:get_top_predictions:203 - 红球 Top 5: [1 2 4 3 5]
2025-11-18 16:08:53.447 | INFO     | __main__:get_top_predictions:204 - 蓝球 Top 5: [15 16  1 12  6]
2025-11-18 16:08:53.448 | INFO     | __main__:main:232 - 
============================================================
2025-11-18 16:08:53.448 | INFO     | __main__:main:233 - 预测时间: 2025-11-18 16:08:53
2025-11-18 16:08:53.448 | INFO     | __main__:main:234 - ============================================================
2025-11-18 16:08:53.448 | INFO     | __main__:main:235 - 
⚠️  免责声明: 此预测仅供娱乐参考，不构成投资建议
2025-11-18 16:08:53.449 | INFO     | __main__:main:236 - 彩票具有风险性，请理性购彩

