2025-11-25 21:01:29.534 | INFO     | run_predict:main:244 - 
开始预测【双色球】

2025-11-25 21:01:29.534 | INFO     | run_predict:load_models:28 - 加载【双色球】模型...
2025-11-25 21:01:29.537 | WARNING  | modeling:load:572 - 检测到 Lambda 层反序列化限制（红球多标签模型），尝试启用不安全反序列化并重试加载模型
2025-11-25 21:01:30.004 | INFO     | modeling:load:586 - 多标签模型已加载: F:\项目\lottery_forecast\model\ssq/red_ball_model/red_ball_model.h5
2025-11-25 21:01:30.004 | INFO     | run_predict:load_models:64 - ✓ 红球模型已加载
2025-11-25 21:01:30.039 | INFO     | modeling:load:404 - 多输出模型已加载: F:\项目\lottery_forecast\model\ssq/blue_ball_model/blue_ball_model.h5
2025-11-25 21:01:30.040 | INFO     | run_predict:load_models:95 - ✓ 蓝球模型已加载
2025-11-25 21:01:30.040 | INFO     | run_predict:get_predict_data:102 - 获取【双色球】最新数据...
2025-11-25 21:01:31.224 | INFO     | get_data:get_current_number:49 - 获取最新期号：25135
2025-11-25 21:01:31.225 | INFO     | run_predict:get_predict_data:110 - 最新期号: 25135
2025-11-25 21:01:31.225 | INFO     | get_data:spider:73 - 正在爬取数据: https://datachart.500.com/ssq/history/newinc/history.php?start=25001&end=25135
2025-11-25 21:01:31.614 | INFO     | get_data:spider:121 - 成功获取 135 期数据
2025-11-25 21:01:31.615 | INFO     | run_predict:get_predict_data:119 - 获取了 135 条最近数据（从25001期到25135期）
2025-11-25 21:01:31.617 | INFO     | run_predict:predict_next_draw:159 - 
============================================================
2025-11-25 21:01:31.617 | INFO     | run_predict:predict_next_draw:160 - 【双色球】预测结果
2025-11-25 21:01:31.617 | INFO     | run_predict:predict_next_draw:161 - ============================================================
2025-11-25 21:01:31.617 | INFO     | run_predict:predict_next_draw:164 - 预测红球...
2025-11-25 21:01:32.037 | INFO     | run_predict:predict_next_draw:174 - 预测蓝球...
2025-11-25 21:01:32.200 | INFO     | run_predict:predict_next_draw:187 - 
【预测红球】: [np.int64(2), np.int64(7), np.int64(14), np.int64(20), np.int64(22), np.int64(27)]
2025-11-25 21:01:32.200 | INFO     | run_predict:predict_next_draw:188 - 【预测蓝球】: 16
2025-11-25 21:01:32.200 | INFO     | run_predict:predict_next_draw:189 - 
【完整预测】: 红球 02 07 14 20 22 27, 蓝球 16
2025-11-25 21:01:32.201 | INFO     | run_predict:get_top_predictions:216 - 
【Top 5 可能性】
2025-11-25 21:01:32.201 | INFO     | run_predict:get_top_predictions:217 - ------------------------------------------------------------
