2025-12-09 19:30:00.747 | INFO     | run_predict:main:247 - 
开始预测【双色球】

2025-12-09 19:30:00.747 | INFO     | run_predict:load_models:28 - 加载【双色球】模型...
2025-12-09 19:30:01.284 | INFO     | modeling:load:589 - 多标签模型已加载: F:\项目\lottery_forecast\model\ssq/red_ball_model/red_ball_model.h5
2025-12-09 19:30:01.285 | INFO     | run_predict:load_models:64 - ✓ 红球模型已加载
2025-12-09 19:30:01.323 | INFO     | modeling:load:406 - 多输出模型已加载: F:\项目\lottery_forecast\model\ssq/blue_ball_model/blue_ball_model.h5
2025-12-09 19:30:01.323 | INFO     | run_predict:load_models:95 - ✓ 蓝球模型已加载
2025-12-09 19:30:01.324 | INFO     | run_predict:get_predict_data:102 - 获取【双色球】最新数据...
2025-12-09 19:30:01.657 | INFO     | get_data:get_current_number:49 - 获取最新期号：25141
2025-12-09 19:30:01.658 | INFO     | run_predict:get_predict_data:110 - 最新期号: 25141
2025-12-09 19:30:01.659 | INFO     | get_data:spider:73 - 正在爬取数据: https://datachart.500.com/ssq/history/newinc/history.php?start=25001&end=25141
2025-12-09 19:30:02.107 | INFO     | get_data:spider:121 - 成功获取 141 期数据
2025-12-09 19:30:02.108 | INFO     | run_predict:get_predict_data:119 - 获取了 141 条最近数据（从25001期到25141期）
2025-12-09 19:30:02.110 | INFO     | run_predict:predict_next_draw:159 - 
============================================================
2025-12-09 19:30:02.111 | INFO     | run_predict:predict_next_draw:160 - 【双色球】预测结果
2025-12-09 19:30:02.111 | INFO     | run_predict:predict_next_draw:161 - ============================================================
2025-12-09 19:30:02.111 | INFO     | run_predict:predict_next_draw:164 - 预测红球...
2025-12-09 19:30:02.539 | INFO     | run_predict:predict_next_draw:174 - 预测蓝球...
2025-12-09 19:30:02.722 | INFO     | run_predict:predict_next_draw:187 - 
【预测红球】: [7, 9, 10, 12, 18, 22]
2025-12-09 19:30:02.722 | INFO     | run_predict:predict_next_draw:188 - 【预测蓝球】: 16
2025-12-09 19:30:02.723 | INFO     | run_predict:predict_next_draw:189 - 
【完整预测】: 红球 07 09 10 12 18 22, 蓝球 16
2025-12-09 19:30:02.723 | INFO     | run_predict:get_top_predictions:216 - 
【Top 5 可能性】
2025-12-09 19:30:02.723 | INFO     | run_predict:get_top_predictions:217 - ------------------------------------------------------------
2025-12-09 19:30:02.821 | INFO     | run_predict:get_top_predictions:241 - 红球 Top 5: [ 9  7 10 12 22]
2025-12-09 19:30:02.821 | INFO     | run_predict:get_top_predictions:242 - 蓝球 Top 5: [16  1 15 12  6]
2025-12-09 19:30:02.821 | INFO     | run_predict:main:271 - 
============================================================
2025-12-09 19:30:02.821 | INFO     | run_predict:main:272 - 预测时间: 2025-12-09 19:30:02
2025-12-09 19:30:02.821 | INFO     | run_predict:main:273 - ============================================================
2025-12-09 19:30:02.821 | INFO     | run_predict:main:274 - 
⚠️  免责声明: 此预测仅供娱乐参考，不构成投资建议
2025-12-09 19:30:02.821 | INFO     | run_predict:main:275 - 彩票具有风险性，请理性购彩

