2025-11-18 15:23:57.534 | INFO     | __main__:main:198 - 
开始预测【双色球】

2025-11-18 15:23:57.535 | INFO     | __main__:load_models:27 - 加载【双色球】模型...
2025-11-18 15:23:58.214 | INFO     | modeling:load:305 - 多输出模型已加载: F:\项目\predict_Lottery_ticket\model\ssq/red_ball_model/red_ball_model.h5
2025-11-18 15:23:58.214 | INFO     | __main__:load_models:52 - ✓ 红球模型已加载
2025-11-18 15:23:58.265 | INFO     | modeling:load:305 - 多输出模型已加载: F:\项目\predict_Lottery_ticket\model\ssq/blue_ball_model/blue_ball_model.h5
2025-11-18 15:23:58.266 | INFO     | __main__:load_models:74 - ✓ 蓝球模型已加载
2025-11-18 15:23:58.267 | INFO     | __main__:get_predict_data:81 - 获取【双色球】最新数据...
2025-11-18 15:23:58.600 | INFO     | get_data:get_current_number:49 - 获取最新期号：25132
2025-11-18 15:23:58.601 | INFO     | __main__:get_predict_data:89 - 最新期号: 25132
2025-11-18 15:23:58.601 | INFO     | get_data:spider:73 - 正在爬取数据: https://datachart.500.com/ssq/history/newinc/history.php?start=25122&end=25132
2025-11-18 15:23:58.964 | INFO     | get_data:spider:121 - 成功获取 11 期数据
2025-11-18 15:23:58.966 | INFO     | __main__:get_predict_data:98 - 获取了 11 条最近数据
2025-11-18 15:23:58.968 | INFO     | __main__:predict_next_draw:130 - 
============================================================
2025-11-18 15:23:58.968 | INFO     | __main__:predict_next_draw:131 - 【双色球】预测结果
2025-11-18 15:23:58.968 | INFO     | __main__:predict_next_draw:132 - ============================================================
2025-11-18 15:23:58.968 | INFO     | __main__:predict_next_draw:135 - 预测红球...
2025-11-18 15:23:59.375 | INFO     | __main__:predict_next_draw:139 - 预测蓝球...
2025-11-18 15:23:59.632 | INFO     | __main__:predict_next_draw:152 - 
【预测红球】: [np.int64(1), np.int64(7), np.int64(13), np.int64(19), np.int64(26), np.int64(32)]
2025-11-18 15:23:59.632 | INFO     | __main__:predict_next_draw:153 - 【预测蓝球】: 15
2025-11-18 15:23:59.632 | INFO     | __main__:predict_next_draw:154 - 
【完整预测】: 红球 01 07 13 19 26 32, 蓝球 15
2025-11-18 15:23:59.633 | INFO     | __main__:get_top_predictions:181 - 
【Top 5 可能性】
2025-11-18 15:23:59.633 | INFO     | __main__:get_top_predictions:182 - ------------------------------------------------------------
