2026-01-12 20:30:02.502 | INFO     | __main__:main:335 - 
开始预测【大乐透】

2026-01-12 20:30:02.502 | INFO     | __main__:load_models:29 - 加载【大乐透】模型...
2026-01-12 20:30:02.502 | DEBUG    | modeling:_get_safe_path:49 - 路径转换: F:\项目\lottery_forecast\model\dlt/red_ball_model/red_ball_model.h5 -> F:\项目\lottery_forecast\model\dlt/red_ball_model/red_ball_model.h5
2026-01-12 20:30:03.037 | INFO     | modeling:load:675 - 多标签模型已加载: F:\项目\lottery_forecast\model\dlt/red_ball_model/red_ball_model.h5
2026-01-12 20:30:03.037 | INFO     | __main__:load_models:65 - ✓ 红球模型已加载
2026-01-12 20:30:03.038 | DEBUG    | modeling:_get_safe_path:49 - 路径转换: F:\项目\lottery_forecast\model\dlt/blue_ball_model/blue_ball_model.h5 -> F:\项目\lottery_forecast\model\dlt/blue_ball_model/blue_ball_model.h5
2026-01-12 20:30:03.096 | INFO     | modeling:load:486 - 多输出模型已加载: F:\项目\lottery_forecast\model\dlt/blue_ball_model/blue_ball_model.h5
2026-01-12 20:30:03.096 | INFO     | __main__:load_models:105 - ✓ 蓝球模型已加载
2026-01-12 20:30:03.096 | INFO     | __main__:get_predict_data:115 - 获取【大乐透】最新数据...
2026-01-12 20:30:03.100 | INFO     | __main__:get_predict_data:123 - 已加载本地数据: 2822 条记录
2026-01-12 20:30:06.349 | INFO     | get_data:get_current_number:49 - 获取最新期号：26004
2026-01-12 20:30:06.350 | INFO     | __main__:get_predict_data:136 - 最新期号: 26004
2026-01-12 20:30:06.350 | INFO     | get_data:spider:73 - 正在爬取数据: https://datachart.500.com/dlt/history/newinc/history.php?start=26001&end=26004
2026-01-12 20:30:09.095 | INFO     | get_data:spider:121 - 成功获取 4 期数据
2026-01-12 20:30:09.096 | INFO     | __main__:get_predict_data:182 - 获取了 2826 条数据
2026-01-12 20:30:09.098 | INFO     | __main__:predict_next_draw:231 - 
============================================================
2026-01-12 20:30:09.098 | INFO     | __main__:predict_next_draw:232 - 【大乐透】预测结果
2026-01-12 20:30:09.098 | INFO     | __main__:predict_next_draw:233 - ============================================================
2026-01-12 20:30:09.098 | INFO     | __main__:predict_next_draw:239 - 预测红球...
2026-01-12 20:30:09.501 | INFO     | __main__:predict_next_draw:250 - 预测蓝球...
2026-01-12 20:30:09.710 | INFO     | __main__:predict_next_draw:283 - 
【预测红球】: [1, 3, 4, 6, 29]
2026-01-12 20:30:09.710 | INFO     | __main__:predict_next_draw:284 - 【预测蓝球】: [2, 12]
2026-01-12 20:30:09.711 | INFO     | __main__:predict_next_draw:285 - 
【完整预测】: 红球 01 03 04 06 29, 蓝球 02 12
2026-01-12 20:30:09.711 | INFO     | __main__:get_top_predictions:295 - 
【Top 5 可能性】
2026-01-12 20:30:09.711 | INFO     | __main__:get_top_predictions:296 - ------------------------------------------------------------
2026-01-12 20:30:09.804 | INFO     | __main__:get_top_predictions:329 - 红球 Top 5: [29  3  6  1  4]
2026-01-12 20:30:09.805 | INFO     | __main__:get_top_predictions:330 - 蓝球 Top 5: [2 1 3 4 5]
2026-01-12 20:30:09.805 | INFO     | __main__:main:359 - 
============================================================
2026-01-12 20:30:09.805 | INFO     | __main__:main:360 - 预测时间: 2026-01-12 20:30:09
2026-01-12 20:30:09.805 | INFO     | __main__:main:361 - ============================================================
2026-01-12 20:30:09.805 | INFO     | __main__:main:362 - 
⚠️  免责声明: 此预测仅供娱乐参考，不构成投资建议
2026-01-12 20:30:09.805 | INFO     | __main__:main:363 - 彩票具有风险性，请理性购彩

