2025-11-25 20:24:26.631 | INFO     | run_train_model:load_data:37 - 数据已加载，共 3378 条记录
2025-11-25 20:24:26.632 | INFO     | run_train_model:load_data:38 - 数据列: ['期数', '红球_1', '红球_2', '红球_3', '红球_4', '红球_5', '红球_6', '蓝球']
2025-11-25 20:24:26.640 | INFO     | run_train_model:preprocess_data:76 - 红球数据形状: X=(3375, 18), y=(3375, 6)
2025-11-25 20:24:26.641 | INFO     | run_train_model:preprocess_data:77 - 蓝球数据形状: X=(3375, 3), y=(3375, 1)
2025-11-25 20:24:26.641 | INFO     | run_train_model:train_red_ball_model:121 - ==================================================
2025-11-25 20:24:26.642 | INFO     | run_train_model:train_red_ball_model:122 - 开始训练【双色球】红球模型...
2025-11-25 20:24:26.643 | INFO     | run_train_model:train_red_ball_model:123 - ==================================================
2025-11-25 20:24:26.643 | INFO     | run_train_model:split_data:114 - 训练数据: 350, 测试数据: 150
2025-11-25 20:24:26.646 | INFO     | run_train_model:load_data:37 - 数据已加载，共 3378 条记录
2025-11-25 20:24:26.646 | INFO     | run_train_model:load_data:38 - 数据列: ['期数', '红球_1', '红球_2', '红球_3', '红球_4', '红球_5', '红球_6', '蓝球']
2025-11-25 20:24:26.747 | INFO     | modeling:build_model:363 - 构建多标签模型 (MultiLabelLSTM) ...
2025-11-25 20:24:27.302 | INFO     | modeling:build_model:423 - 多标签模型构建完成
2025-11-25 20:24:27.310 | INFO     | modeling:compile_model:435 - 多标签模型编译完成
2025-11-25 20:24:32.259 | INFO     | modeling:train:466 - 多标签模型训练完成
2025-11-25 20:24:33.107 | INFO     | run_train_model:train_red_ball_model:232 - 红球平均命中数 (Top-6): 1.1667
2025-11-25 20:24:33.107 | INFO     | run_train_model:train_red_ball_model:234 - 命中0个球，37期，占比: 24.67%
2025-11-25 20:24:33.107 | INFO     | run_train_model:train_red_ball_model:234 - 命中1个球，60期，占比: 40.0%
2025-11-25 20:24:33.107 | INFO     | run_train_model:train_red_ball_model:234 - 命中2个球，44期，占比: 29.33%
2025-11-25 20:24:33.108 | INFO     | run_train_model:train_red_ball_model:234 - 命中3个球，9期，占比: 6.0%
2025-11-25 20:24:33.108 | INFO     | run_train_model:train_red_ball_model:238 - 红球模型已保存到: F:\项目\lottery_forecast\model\ssq/red_ball_model/red_ball_model.h5
2025-11-25 20:24:33.108 | INFO     | __main__:<module>:19 - 短跑红球训练（子集）完成
