2025-11-18 12:03:53.437 | INFO     | __main__:main:247 - 
开始训练【双色球】模型
2025-11-18 12:03:53.438 | INFO     | __main__:main:248 - 配置: 训练集占比=0.7, Batch Size=32, Epochs=50
2025-11-18 12:03:53.442 | INFO     | __main__:load_data:37 - 数据已加载，共 3378 条记录
2025-11-18 12:03:53.443 | INFO     | __main__:load_data:38 - 数据列: ['期数', '红球_1', '红球_2', '红球_3', '红球_4', '红球_5', '红球_6', '蓝球']
2025-11-18 12:03:53.454 | INFO     | __main__:preprocess_data:76 - 红球数据形状: X=(3375, 18), y=(3375, 6)
2025-11-18 12:03:53.454 | INFO     | __main__:preprocess_data:77 - 蓝球数据形状: X=(3375, 3), y=(3375, 1)
2025-11-18 12:03:53.455 | INFO     | __main__:train_red_ball_model:95 - ==================================================
2025-11-18 12:03:53.455 | INFO     | __main__:train_red_ball_model:96 - 开始训练【双色球】红球模型...
2025-11-18 12:03:53.455 | INFO     | __main__:train_red_ball_model:97 - ==================================================
2025-11-18 12:03:53.455 | INFO     | __main__:split_data:88 - 训练数据: 2362, 测试数据: 1013
2025-11-18 12:03:53.456 | INFO     | modeling:build_model:187 - 构建多输出模型...
2025-11-18 12:03:54.027 | INFO     | modeling:build_model:234 - 多输出模型构建完成
2025-11-18 12:03:54.035 | INFO     | modeling:compile_model:250 - 多输出模型编译完成
2025-11-18 12:04:09.341 | INFO     | modeling:train:278 - 多输出模型训练完成
2025-11-18 12:04:10.125 | INFO     | __main__:train_red_ball_model:156 - 红球第1个位置 测试准确率: 0.1422
2025-11-18 12:04:10.126 | INFO     | __main__:train_red_ball_model:156 - 红球第2个位置 测试准确率: 0.0938
2025-11-18 12:04:10.126 | INFO     | __main__:train_red_ball_model:156 - 红球第3个位置 测试准确率: 0.0642
2025-11-18 12:04:10.126 | INFO     | __main__:train_red_ball_model:156 - 红球第4个位置 测试准确率: 0.0731
2025-11-18 12:04:10.127 | INFO     | __main__:train_red_ball_model:156 - 红球第5个位置 测试准确率: 0.0780
2025-11-18 12:04:10.127 | INFO     | __main__:train_red_ball_model:156 - 红球第6个位置 测试准确率: 0.0385
2025-11-18 12:04:10.166 | INFO     | modeling:save:295 - 多输出模型已保存到: F:\项目\predict_Lottery_ticket\model\ssq/red_ball_model/red_ball_model.h5
2025-11-18 12:04:10.166 | INFO     | __main__:train_blue_ball_model:169 - ==================================================
2025-11-18 12:04:10.166 | INFO     | __main__:train_blue_ball_model:170 - 开始训练【双色球】蓝球模型...
2025-11-18 12:04:10.166 | INFO     | __main__:train_blue_ball_model:171 - ==================================================
2025-11-18 12:04:10.167 | INFO     | __main__:split_data:88 - 训练数据: 2362, 测试数据: 1013
2025-11-18 12:04:10.167 | INFO     | modeling:build_model:38 - 构建模型...
2025-11-18 12:04:10.202 | INFO     | modeling:build_model:68 - 模型构建完成
2025-11-18 12:04:10.204 | INFO     | modeling:compile_model:82 - 模型编译完成
2025-11-18 12:04:17.623 | INFO     | modeling:train:119 - 模型训练完成
2025-11-18 12:04:17.624 | INFO     | __main__:evaluate_model:227 - 
【蓝球】模型评估...
2025-11-18 12:04:18.110 | INFO     | __main__:evaluate_model:235 - 【蓝球】测试准确率: 0.0596
2025-11-18 12:04:18.113 | INFO     | __main__:evaluate_model:242 - 【蓝球】Top-1 命中率: 0.0632
2025-11-18 12:04:18.117 | INFO     | __main__:evaluate_model:242 - 【蓝球】Top-3 命中率: 0.1787
2025-11-18 12:04:18.120 | INFO     | __main__:evaluate_model:242 - 【蓝球】Top-5 命中率: 0.2962
2025-11-18 12:04:18.137 | INFO     | modeling:save:145 - 模型已保存到: F:\项目\predict_Lottery_ticket\model\ssq/blue_ball_model/blue_ball_model.h5
2025-11-18 12:04:18.137 | INFO     | __main__:main:264 - 
==================================================
2025-11-18 12:04:18.137 | INFO     | __main__:main:265 - 【双色球】训练完成！
2025-11-18 12:04:18.137 | INFO     | __main__:main:266 - ==================================================
2025-11-18 12:04:18.138 | INFO     | __main__:main:267 - 下一步: python run_predict.py --name ssq
2025-11-18 12:04:18.138 | INFO     | __main__:main:247 - 
开始训练【双色球】模型
2025-11-18 12:04:18.138 | INFO     | __main__:main:248 - 配置: 训练集占比=0.7, Batch Size=32, Epochs=50
2025-11-18 12:04:18.141 | INFO     | __main__:load_data:37 - 数据已加载，共 3378 条记录
2025-11-18 12:04:18.141 | INFO     | __main__:load_data:38 - 数据列: ['期数', '红球_1', '红球_2', '红球_3', '红球_4', '红球_5', '红球_6', '蓝球']
2025-11-18 12:04:18.152 | INFO     | __main__:preprocess_data:76 - 红球数据形状: X=(3375, 18), y=(3375, 6)
2025-11-18 12:04:18.152 | INFO     | __main__:preprocess_data:77 - 蓝球数据形状: X=(3375, 3), y=(3375, 1)
2025-11-18 12:04:18.152 | INFO     | __main__:train_red_ball_model:95 - ==================================================
2025-11-18 12:04:18.152 | INFO     | __main__:train_red_ball_model:96 - 开始训练【双色球】红球模型...
2025-11-18 12:04:18.152 | INFO     | __main__:train_red_ball_model:97 - ==================================================
2025-11-18 12:04:18.152 | INFO     | __main__:split_data:88 - 训练数据: 2362, 测试数据: 1013
2025-11-18 12:04:18.152 | INFO     | modeling:build_model:187 - 构建多输出模型...
2025-11-18 12:04:18.216 | INFO     | modeling:build_model:234 - 多输出模型构建完成
2025-11-18 12:04:18.218 | INFO     | modeling:compile_model:250 - 多输出模型编译完成
2025-11-18 12:04:32.241 | INFO     | modeling:train:278 - 多输出模型训练完成
2025-11-18 12:04:32.922 | INFO     | __main__:train_red_ball_model:156 - 红球第1个位置 测试准确率: 0.1451
2025-11-18 12:04:32.923 | INFO     | __main__:train_red_ball_model:156 - 红球第2个位置 测试准确率: 0.0918
2025-11-18 12:04:32.923 | INFO     | __main__:train_red_ball_model:156 - 红球第3个位置 测试准确率: 0.0474
2025-11-18 12:04:32.924 | INFO     | __main__:train_red_ball_model:156 - 红球第4个位置 测试准确率: 0.0721
2025-11-18 12:04:32.924 | INFO     | __main__:train_red_ball_model:156 - 红球第5个位置 测试准确率: 0.0809
2025-11-18 12:04:32.924 | INFO     | __main__:train_red_ball_model:156 - 红球第6个位置 测试准确率: 0.1599
2025-11-18 12:04:32.962 | INFO     | modeling:save:295 - 多输出模型已保存到: F:\项目\predict_Lottery_ticket\model\ssq/red_ball_model/red_ball_model.h5
2025-11-18 12:04:32.963 | INFO     | __main__:train_blue_ball_model:169 - ==================================================
2025-11-18 12:04:32.963 | INFO     | __main__:train_blue_ball_model:170 - 开始训练【双色球】蓝球模型...
2025-11-18 12:04:32.963 | INFO     | __main__:train_blue_ball_model:171 - ==================================================
2025-11-18 12:04:32.963 | INFO     | __main__:split_data:88 - 训练数据: 2362, 测试数据: 1013
2025-11-18 12:04:32.964 | INFO     | modeling:build_model:38 - 构建模型...
2025-11-18 12:04:32.996 | INFO     | modeling:build_model:68 - 模型构建完成
2025-11-18 12:04:32.998 | INFO     | modeling:compile_model:82 - 模型编译完成
2025-11-18 12:04:41.061 | INFO     | modeling:train:119 - 模型训练完成
2025-11-18 12:04:41.061 | INFO     | __main__:evaluate_model:227 - 
【蓝球】模型评估...
2025-11-18 12:04:41.646 | INFO     | __main__:evaluate_model:235 - 【蓝球】测试准确率: 0.0595
2025-11-18 12:04:41.649 | INFO     | __main__:evaluate_model:242 - 【蓝球】Top-1 命中率: 0.0681
2025-11-18 12:04:41.654 | INFO     | __main__:evaluate_model:242 - 【蓝球】Top-3 命中率: 0.1807
2025-11-18 12:04:41.657 | INFO     | __main__:evaluate_model:242 - 【蓝球】Top-5 命中率: 0.2962
2025-11-18 12:04:41.674 | INFO     | modeling:save:145 - 模型已保存到: F:\项目\predict_Lottery_ticket\model\ssq/blue_ball_model/blue_ball_model.h5
2025-11-18 12:04:41.674 | INFO     | __main__:main:264 - 
==================================================
2025-11-18 12:04:41.674 | INFO     | __main__:main:265 - 【双色球】训练完成！
2025-11-18 12:04:41.675 | INFO     | __main__:main:266 - ==================================================
2025-11-18 12:04:41.675 | INFO     | __main__:main:267 - 下一步: python run_predict.py --name ssq
