2025-11-18 15:19:25.237 | INFO     | __main__:main:247 - 
开始训练【双色球】模型
2025-11-18 15:19:25.238 | INFO     | __main__:main:248 - 配置: 训练集占比=0.7, Batch Size=32, Epochs=50
2025-11-18 15:19:25.243 | INFO     | __main__:load_data:37 - 数据已加载，共 3378 条记录
2025-11-18 15:19:25.243 | INFO     | __main__:load_data:38 - 数据列: ['期数', '红球_1', '红球_2', '红球_3', '红球_4', '红球_5', '红球_6', '蓝球']
2025-11-18 15:19:25.251 | INFO     | __main__:preprocess_data:76 - 红球数据形状: X=(3375, 18), y=(3375, 6)
2025-11-18 15:19:25.251 | INFO     | __main__:preprocess_data:77 - 蓝球数据形状: X=(3375, 3), y=(3375, 1)
2025-11-18 15:19:25.253 | INFO     | __main__:train_red_ball_model:95 - ==================================================
2025-11-18 15:19:25.253 | INFO     | __main__:train_red_ball_model:96 - 开始训练【双色球】红球模型...
2025-11-18 15:19:25.254 | INFO     | __main__:train_red_ball_model:97 - ==================================================
2025-11-18 15:19:25.254 | INFO     | __main__:split_data:88 - 训练数据: 2362, 测试数据: 1013
2025-11-18 15:19:25.254 | INFO     | modeling:build_model:187 - 构建多输出模型...
2025-11-18 15:19:25.742 | INFO     | modeling:build_model:234 - 多输出模型构建完成
2025-11-18 15:19:25.747 | INFO     | modeling:compile_model:250 - 多输出模型编译完成
2025-11-18 15:19:38.757 | INFO     | modeling:train:278 - 多输出模型训练完成
2025-11-18 15:19:39.480 | INFO     | __main__:train_red_ball_model:156 - 红球第1个位置 测试准确率: 0.1471
2025-11-18 15:19:39.480 | INFO     | __main__:train_red_ball_model:156 - 红球第2个位置 测试准确率: 0.0888
2025-11-18 15:19:39.480 | INFO     | __main__:train_red_ball_model:156 - 红球第3个位置 测试准确率: 0.0661
2025-11-18 15:19:39.480 | INFO     | __main__:train_red_ball_model:156 - 红球第4个位置 测试准确率: 0.0731
2025-11-18 15:19:39.480 | INFO     | __main__:train_red_ball_model:156 - 红球第5个位置 测试准确率: 0.0829
2025-11-18 15:19:39.481 | INFO     | __main__:train_red_ball_model:156 - 红球第6个位置 测试准确率: 0.1313
2025-11-18 15:19:39.521 | INFO     | modeling:save:295 - 多输出模型已保存到: F:\项目\predict_Lottery_ticket\model\ssq/red_ball_model/red_ball_model.h5
2025-11-18 15:19:39.521 | INFO     | __main__:train_blue_ball_model:169 - ==================================================
2025-11-18 15:19:39.522 | INFO     | __main__:train_blue_ball_model:170 - 开始训练【双色球】蓝球模型...
2025-11-18 15:19:39.522 | INFO     | __main__:train_blue_ball_model:171 - ==================================================
2025-11-18 15:19:39.522 | INFO     | __main__:split_data:88 - 训练数据: 2362, 测试数据: 1013
2025-11-18 15:19:39.522 | INFO     | modeling:build_model:38 - 构建模型...
2025-11-18 15:19:39.556 | INFO     | modeling:build_model:68 - 模型构建完成
2025-11-18 15:19:39.558 | INFO     | modeling:compile_model:82 - 模型编译完成
2025-11-18 15:19:45.862 | INFO     | modeling:train:119 - 模型训练完成
2025-11-18 15:19:45.862 | INFO     | __main__:evaluate_model:227 - 
【蓝球】模型评估...
2025-11-18 15:19:46.282 | INFO     | __main__:evaluate_model:235 - 【蓝球】测试准确率: 0.0602
2025-11-18 15:19:46.284 | INFO     | __main__:evaluate_model:242 - 【蓝球】Top-1 命中率: 0.0622
2025-11-18 15:19:46.287 | INFO     | __main__:evaluate_model:242 - 【蓝球】Top-3 命中率: 0.1807
2025-11-18 15:19:46.290 | INFO     | __main__:evaluate_model:242 - 【蓝球】Top-5 命中率: 0.3011
2025-11-18 15:19:46.303 | INFO     | modeling:save:145 - 模型已保存到: F:\项目\predict_Lottery_ticket\model\ssq/blue_ball_model/blue_ball_model.h5
2025-11-18 15:19:46.303 | INFO     | __main__:main:264 - 
==================================================
2025-11-18 15:19:46.303 | INFO     | __main__:main:265 - 【双色球】训练完成！
2025-11-18 15:19:46.303 | INFO     | __main__:main:266 - ==================================================
2025-11-18 15:19:46.303 | INFO     | __main__:main:267 - 下一步: python run_predict.py --name ssq
2025-11-18 15:19:46.303 | INFO     | __main__:main:247 - 
开始训练【双色球】模型
2025-11-18 15:19:46.304 | INFO     | __main__:main:248 - 配置: 训练集占比=0.7, Batch Size=32, Epochs=50
2025-11-18 15:19:46.306 | INFO     | __main__:load_data:37 - 数据已加载，共 3378 条记录
2025-11-18 15:19:46.306 | INFO     | __main__:load_data:38 - 数据列: ['期数', '红球_1', '红球_2', '红球_3', '红球_4', '红球_5', '红球_6', '蓝球']
2025-11-18 15:19:46.314 | INFO     | __main__:preprocess_data:76 - 红球数据形状: X=(3375, 18), y=(3375, 6)
2025-11-18 15:19:46.315 | INFO     | __main__:preprocess_data:77 - 蓝球数据形状: X=(3375, 3), y=(3375, 1)
2025-11-18 15:19:46.315 | INFO     | __main__:train_red_ball_model:95 - ==================================================
2025-11-18 15:19:46.315 | INFO     | __main__:train_red_ball_model:96 - 开始训练【双色球】红球模型...
2025-11-18 15:19:46.315 | INFO     | __main__:train_red_ball_model:97 - ==================================================
2025-11-18 15:19:46.315 | INFO     | __main__:split_data:88 - 训练数据: 2362, 测试数据: 1013
2025-11-18 15:19:46.315 | INFO     | modeling:build_model:187 - 构建多输出模型...
2025-11-18 15:19:46.367 | INFO     | modeling:build_model:234 - 多输出模型构建完成
2025-11-18 15:19:46.368 | INFO     | modeling:compile_model:250 - 多输出模型编译完成
2025-11-18 15:19:58.682 | INFO     | modeling:train:278 - 多输出模型训练完成
2025-11-18 15:19:59.213 | INFO     | __main__:train_red_ball_model:156 - 红球第1个位置 测试准确率: 0.1451
2025-11-18 15:19:59.214 | INFO     | __main__:train_red_ball_model:156 - 红球第2个位置 测试准确率: 0.0879
2025-11-18 15:19:59.214 | INFO     | __main__:train_red_ball_model:156 - 红球第3个位置 测试准确率: 0.0800
2025-11-18 15:19:59.214 | INFO     | __main__:train_red_ball_model:156 - 红球第4个位置 测试准确率: 0.0661
2025-11-18 15:19:59.214 | INFO     | __main__:train_red_ball_model:156 - 红球第5个位置 测试准确率: 0.0809
2025-11-18 15:19:59.214 | INFO     | __main__:train_red_ball_model:156 - 红球第6个位置 测试准确率: 0.1589
2025-11-18 15:19:59.241 | INFO     | modeling:save:295 - 多输出模型已保存到: F:\项目\predict_Lottery_ticket\model\ssq/red_ball_model/red_ball_model.h5
2025-11-18 15:19:59.241 | INFO     | __main__:train_blue_ball_model:169 - ==================================================
2025-11-18 15:19:59.241 | INFO     | __main__:train_blue_ball_model:170 - 开始训练【双色球】蓝球模型...
2025-11-18 15:19:59.241 | INFO     | __main__:train_blue_ball_model:171 - ==================================================
2025-11-18 15:19:59.241 | INFO     | __main__:split_data:88 - 训练数据: 2362, 测试数据: 1013
2025-11-18 15:19:59.241 | INFO     | modeling:build_model:38 - 构建模型...
2025-11-18 15:19:59.264 | INFO     | modeling:build_model:68 - 模型构建完成
2025-11-18 15:19:59.266 | INFO     | modeling:compile_model:82 - 模型编译完成
2025-11-18 15:20:05.481 | INFO     | modeling:train:119 - 模型训练完成
2025-11-18 15:20:05.481 | INFO     | __main__:evaluate_model:227 - 
【蓝球】模型评估...
2025-11-18 15:20:05.903 | INFO     | __main__:evaluate_model:235 - 【蓝球】测试准确率: 0.0621
2025-11-18 15:20:05.905 | INFO     | __main__:evaluate_model:242 - 【蓝球】Top-1 命中率: 0.0632
2025-11-18 15:20:05.907 | INFO     | __main__:evaluate_model:242 - 【蓝球】Top-3 命中率: 0.1826
2025-11-18 15:20:05.910 | INFO     | __main__:evaluate_model:242 - 【蓝球】Top-5 命中率: 0.2962
2025-11-18 15:20:05.923 | INFO     | modeling:save:145 - 模型已保存到: F:\项目\predict_Lottery_ticket\model\ssq/blue_ball_model/blue_ball_model.h5
2025-11-18 15:20:05.923 | INFO     | __main__:main:264 - 
==================================================
2025-11-18 15:20:05.923 | INFO     | __main__:main:265 - 【双色球】训练完成！
2025-11-18 15:20:05.923 | INFO     | __main__:main:266 - ==================================================
2025-11-18 15:20:05.923 | INFO     | __main__:main:267 - 下一步: python run_predict.py --name ssq
