2025-12-10 17:25:43.723 | INFO     | run_train_model:load_data:37 - 数据已加载，共 3387 条记录
2025-12-10 17:25:43.724 | INFO     | run_train_model:load_data:38 - 数据列: ['期数', '红球_1', '红球_2', '红球_3', '红球_4', '红球_5', '红球_6', '蓝球']
2025-12-10 17:25:43.736 | INFO     | run_train_model:preprocess_data:76 - 红球数据形状: X=(3384, 18), y=(3384, 6)
2025-12-10 17:25:43.737 | INFO     | run_train_model:preprocess_data:77 - 蓝球数据形状: X=(3384, 3), y=(3384, 1)
2025-12-10 17:25:43.737 | INFO     | run_train_model:train_red_ball_model:121 - ==================================================
2025-12-10 17:25:43.739 | INFO     | run_train_model:train_red_ball_model:122 - 开始训练【双色球】红球模型...
2025-12-10 17:25:43.739 | INFO     | run_train_model:train_red_ball_model:123 - ==================================================
2025-12-10 17:25:43.740 | INFO     | run_train_model:split_data:114 - 训练数据: 350, 测试数据: 150
2025-12-10 17:25:43.744 | INFO     | run_train_model:load_data:37 - 数据已加载，共 3387 条记录
2025-12-10 17:25:43.745 | INFO     | run_train_model:load_data:38 - 数据列: ['期数', '红球_1', '红球_2', '红球_3', '红球_4', '红球_5', '红球_6', '蓝球']
2025-12-10 17:25:43.867 | INFO     | modeling:build_model:442 - 构建多标签模型 (MultiLabelLSTM) ...
2025-12-10 17:25:44.792 | INFO     | modeling:build_model:502 - 多标签模型构建完成
2025-12-10 17:25:44.802 | INFO     | modeling:compile_model:514 - 多标签模型编译完成
2025-12-10 17:25:51.689 | INFO     | modeling:train:545 - 多标签模型训练完成
2025-12-10 17:25:52.577 | INFO     | run_train_model:train_red_ball_model:232 - 红球平均命中数 (Top-6): 1.1533
2025-12-10 17:25:52.578 | INFO     | run_train_model:train_red_ball_model:234 - 命中0个球，40期，占比: 26.67%
2025-12-10 17:25:52.578 | INFO     | run_train_model:train_red_ball_model:234 - 命中1个球，59期，占比: 39.33%
2025-12-10 17:25:52.578 | INFO     | run_train_model:train_red_ball_model:234 - 命中2个球，40期，占比: 26.67%
2025-12-10 17:25:52.579 | INFO     | run_train_model:train_red_ball_model:234 - 命中3个球，10期，占比: 6.67%
2025-12-10 17:25:52.579 | INFO     | run_train_model:train_red_ball_model:234 - 命中4个球，1期，占比: 0.67%
2025-12-10 17:25:52.579 | INFO     | run_train_model:train_red_ball_model:238 - 红球模型已保存到: F:\项目\lottery_forecast\model\ssq/red_ball_model/red_ball_model.h5
2025-12-10 17:25:52.580 | INFO     | __main__:<module>:19 - 短跑红球训练（子集）完成
