2025-12-11 09:54:16.033 | INFO     | __main__:main:57 - 读取数据: data/dlt/data.csv
2025-12-11 09:54:16.042 | INFO     | __main__:main:69 - 原始记录数: 2808, 筛选后记录数: 2808 (从 2000 年开始)
2025-12-11 09:54:22.720 | INFO     | __main__:main:97 - 开始预处理数据并训练（使用内存筛选数据）...
2025-12-11 09:54:22.730 | INFO     | run_train_model:preprocess_data:76 - 红球数据形状: X=(2805, 15), y=(2805, 5)
2025-12-11 09:54:22.730 | INFO     | run_train_model:preprocess_data:77 - 蓝球数据形状: X=(2805, 6), y=(2805, 2)
2025-12-11 09:54:22.731 | INFO     | __main__:main:101 - 开始训练红球模型...
2025-12-11 09:54:22.732 | INFO     | run_train_model:train_red_ball_model:121 - ==================================================
2025-12-11 09:54:22.732 | INFO     | run_train_model:train_red_ball_model:122 - 开始训练【大乐透】红球模型...
2025-12-11 09:54:22.732 | INFO     | run_train_model:train_red_ball_model:123 - ==================================================
2025-12-11 09:54:22.733 | INFO     | run_train_model:split_data:114 - 训练数据: 1963, 测试数据: 842
2025-12-11 09:54:22.741 | INFO     | __main__:_load_data_override:91 - (override) 返回内存中筛选后的数据，shape=(2808, 10)
2025-12-11 09:54:22.839 | INFO     | modeling:build_model:442 - 构建多标签模型 (MultiLabelLSTM) ...
2025-12-11 09:54:23.604 | INFO     | modeling:build_model:502 - 多标签模型构建完成
2025-12-11 09:54:23.614 | INFO     | modeling:compile_model:514 - 多标签模型编译完成
2025-12-11 09:54:55.806 | INFO     | modeling:train:545 - 多标签模型训练完成
2025-12-11 09:54:56.776 | INFO     | run_train_model:train_red_ball_model:232 - 红球平均命中数 (Top-5): 0.8290
2025-12-11 09:54:56.777 | INFO     | run_train_model:train_red_ball_model:234 - 命中0个球，330期，占比: 39.19%
2025-12-11 09:54:56.777 | INFO     | run_train_model:train_red_ball_model:234 - 命中1个球，352期，占比: 41.81%
2025-12-11 09:54:56.777 | INFO     | run_train_model:train_red_ball_model:234 - 命中2个球，135期，占比: 16.03%
2025-12-11 09:54:56.777 | INFO     | run_train_model:train_red_ball_model:234 - 命中3个球，24期，占比: 2.85%
2025-12-11 09:54:56.778 | INFO     | run_train_model:train_red_ball_model:234 - 命中4个球，1期，占比: 0.12%
2025-12-11 09:54:56.778 | INFO     | run_train_model:train_red_ball_model:238 - 红球模型已保存到: F:\项目\lottery_forecast\model\dlt/red_ball_model/red_ball_model.h5
2025-12-11 09:54:56.778 | INFO     | __main__:main:105 - 开始训练蓝球模型...
2025-12-11 09:54:56.778 | INFO     | run_train_model:train_blue_ball_model:247 - ==================================================
2025-12-11 09:54:56.779 | INFO     | run_train_model:train_blue_ball_model:248 - 开始训练【大乐透】蓝球模型...
2025-12-11 09:54:56.779 | INFO     | run_train_model:train_blue_ball_model:249 - ==================================================
2025-12-11 09:54:56.779 | INFO     | run_train_model:split_data:114 - 训练数据: 1963, 测试数据: 842
2025-12-11 09:54:56.779 | INFO     | modeling:build_model:68 - 构建模型...
2025-12-11 09:54:57.064 | INFO     | modeling:build_model:98 - 模型构建完成
2025-12-11 09:54:57.068 | INFO     | modeling:compile_model:112 - 模型编译完成
