2026-01-12 20:25:50.738 | INFO     | __main__:main:463 - 
开始训练【大乐透】模型
2026-01-12 20:25:50.738 | INFO     | __main__:main:464 - 配置: 训练集占比=0.7, Batch Size=32, Epochs=50
2026-01-12 20:25:50.741 | INFO     | __main__:load_data:37 - 数据已加载，共 2822 条记录
2026-01-12 20:25:50.741 | INFO     | __main__:load_data:38 - 数据列: ['期数', '红球_1', '红球_2', '红球_3', '红球_4', '红球_5', '蓝球_1', '蓝球_2']
2026-01-12 20:25:50.747 | INFO     | __main__:preprocess_data:82 - 红球数据形状: X=(2819, 15), y=(2819, 5)
2026-01-12 20:25:50.748 | INFO     | __main__:preprocess_data:83 - 蓝球数据形状: X=(2819, 6), y=(2819, 2)
2026-01-12 20:25:50.748 | INFO     | __main__:train_red_ball_model:159 - ==================================================
2026-01-12 20:25:50.748 | INFO     | __main__:train_red_ball_model:160 - 开始训练【大乐透】红球模型...
2026-01-12 20:25:50.749 | INFO     | __main__:train_red_ball_model:161 - ==================================================
2026-01-12 20:25:50.749 | INFO     | __main__:split_data:152 - 训练数据: 1691, 验证数据: 564, 测试数据: 564
2026-01-12 20:25:50.758 | INFO     | __main__:load_data:37 - 数据已加载，共 2822 条记录
2026-01-12 20:25:50.759 | INFO     | __main__:load_data:38 - 数据列: ['期数', '红球_1', '红球_2', '红球_3', '红球_4', '红球_5', '蓝球_1', '蓝球_2']
2026-01-12 20:25:50.776 | INFO     | modeling:build_model:474 - 构建多标签模型 (MultiLabelLSTM) ...
2026-01-12 20:25:51.293 | INFO     | modeling:build_model:534 - 多标签模型构建完成
2026-01-12 20:25:51.299 | INFO     | modeling:compile_model:546 - 多标签模型编译完成
2026-01-12 20:26:09.329 | INFO     | modeling:train:578 - 多标签模型训练完成
2026-01-12 20:26:10.045 | INFO     | __main__:train_red_ball_model:281 - 红球平均命中数 (Top-5): 0.7004
2026-01-12 20:26:10.045 | INFO     | __main__:train_red_ball_model:283 - 命中0个球，246期，占比: 43.62%
2026-01-12 20:26:10.045 | INFO     | __main__:train_red_ball_model:283 - 命中1个球，249期，占比: 44.15%
2026-01-12 20:26:10.045 | INFO     | __main__:train_red_ball_model:283 - 命中2个球，62期，占比: 10.99%
2026-01-12 20:26:10.045 | INFO     | __main__:train_red_ball_model:283 - 命中3个球，6期，占比: 1.06%
2026-01-12 20:26:10.045 | INFO     | __main__:train_red_ball_model:283 - 命中4个球，1期，占比: 0.18%
2026-01-12 20:26:10.045 | INFO     | __main__:train_red_ball_model:287 - 红球模型已保存到: F:\项目\lottery_forecast\model\dlt/red_ball_model/red_ball_model.h5
2026-01-12 20:26:10.046 | INFO     | __main__:train_blue_ball_model:296 - ==================================================
2026-01-12 20:26:10.046 | INFO     | __main__:train_blue_ball_model:297 - 开始训练【大乐透】蓝球模型...
2026-01-12 20:26:10.046 | INFO     | __main__:train_blue_ball_model:298 - ==================================================
2026-01-12 20:26:10.046 | INFO     | __main__:split_data:152 - 训练数据: 1691, 验证数据: 564, 测试数据: 564
2026-01-12 20:26:10.046 | INFO     | modeling:build_model:276 - 构建多输出模型...
2026-01-12 20:26:10.281 | INFO     | modeling:build_model:323 - 多输出模型构建完成
2026-01-12 20:26:10.287 | INFO     | modeling:compile_model:346 - 多输出模型编译完成
2026-01-12 20:26:19.437 | INFO     | modeling:train:381 - 多输出模型训练完成
2026-01-12 20:26:19.437 | INFO     | __main__:train_blue_ball_model:377 - 蓝球多输出模型训练完成
2026-01-12 20:26:19.437 | INFO     | __main__:train_blue_ball_model:379 - 蓝球模型已保存到: F:\项目\lottery_forecast\model\dlt/blue_ball_model/blue_ball_model.h5
2026-01-12 20:26:19.438 | INFO     | __main__:main:480 - 
==================================================
2026-01-12 20:26:19.438 | INFO     | __main__:main:481 - 【大乐透】训练完成！
2026-01-12 20:26:19.438 | INFO     | __main__:main:482 - ==================================================
2026-01-12 20:26:19.438 | INFO     | __main__:main:483 - 下一步: python run_predict.py --name dlt
