2025-11-18 12:02:37.177 | INFO     | __main__:main:247 - 
开始训练【双色球】模型
2025-11-18 12:02:37.177 | INFO     | __main__:main:248 - 配置: 训练集占比=0.7, Batch Size=32, Epochs=50
2025-11-18 12:02:37.182 | INFO     | __main__:load_data:37 - 数据已加载，共 3378 条记录
2025-11-18 12:02:37.182 | INFO     | __main__:load_data:38 - 数据列: ['期数', '红球_1', '红球_2', '红球_3', '红球_4', '红球_5', '红球_6', '蓝球']
2025-11-18 12:02:37.198 | INFO     | __main__:preprocess_data:76 - 红球数据形状: X=(3375, 18), y=(3375, 6)
2025-11-18 12:02:37.198 | INFO     | __main__:preprocess_data:77 - 蓝球数据形状: X=(3375, 3), y=(3375, 1)
2025-11-18 12:02:37.199 | INFO     | __main__:train_red_ball_model:95 - ==================================================
2025-11-18 12:02:37.199 | INFO     | __main__:train_red_ball_model:96 - 开始训练【双色球】红球模型...
2025-11-18 12:02:37.199 | INFO     | __main__:train_red_ball_model:97 - ==================================================
2025-11-18 12:02:37.199 | INFO     | __main__:split_data:88 - 训练数据: 2362, 测试数据: 1013
2025-11-18 12:02:37.200 | INFO     | modeling:build_model:187 - 构建多输出模型...
2025-11-18 12:02:37.843 | INFO     | modeling:build_model:234 - 多输出模型构建完成
2025-11-18 12:02:37.850 | INFO     | modeling:compile_model:250 - 多输出模型编译完成
2025-11-18 12:02:53.302 | INFO     | modeling:train:278 - 多输出模型训练完成
2025-11-18 12:02:54.185 | INFO     | __main__:train_red_ball_model:156 - 红球第1个位置 测试准确率: 0.1451
2025-11-18 12:02:54.185 | INFO     | __main__:train_red_ball_model:156 - 红球第2个位置 测试准确率: 0.0582
2025-11-18 12:02:54.186 | INFO     | __main__:train_red_ball_model:156 - 红球第3个位置 测试准确率: 0.0632
2025-11-18 12:02:54.186 | INFO     | __main__:train_red_ball_model:156 - 红球第4个位置 测试准确率: 0.0661
2025-11-18 12:02:54.186 | INFO     | __main__:train_red_ball_model:156 - 红球第5个位置 测试准确率: 0.0928
2025-11-18 12:02:54.186 | INFO     | __main__:train_red_ball_model:156 - 红球第6个位置 测试准确率: 0.0000
2025-11-18 12:02:54.239 | INFO     | modeling:save:295 - 多输出模型已保存到: F:\项目\predict_Lottery_ticket\model\ssq/red_ball_model/red_ball_model.h5
2025-11-18 12:02:54.239 | INFO     | __main__:train_blue_ball_model:169 - ==================================================
2025-11-18 12:02:54.239 | INFO     | __main__:train_blue_ball_model:170 - 开始训练【双色球】蓝球模型...
2025-11-18 12:02:54.239 | INFO     | __main__:train_blue_ball_model:171 - ==================================================
2025-11-18 12:02:54.239 | INFO     | __main__:split_data:88 - 训练数据: 2362, 测试数据: 1013
2025-11-18 12:02:54.240 | INFO     | modeling:build_model:38 - 构建模型...
2025-11-18 12:02:54.284 | INFO     | modeling:build_model:68 - 模型构建完成
2025-11-18 12:02:54.287 | INFO     | modeling:compile_model:82 - 模型编译完成
2025-11-18 12:03:03.408 | INFO     | modeling:train:119 - 模型训练完成
2025-11-18 12:03:03.408 | INFO     | __main__:evaluate_model:227 - 
【蓝球】模型评估...
2025-11-18 12:03:03.952 | INFO     | __main__:evaluate_model:235 - 【蓝球】测试准确率: 0.0607
2025-11-18 12:03:03.955 | INFO     | __main__:evaluate_model:242 - 【蓝球】Top-1 命中率: 0.0740
2025-11-18 12:03:03.959 | INFO     | __main__:evaluate_model:242 - 【蓝球】Top-3 命中率: 0.2093
2025-11-18 12:03:03.962 | INFO     | __main__:evaluate_model:242 - 【蓝球】Top-5 命中率: 0.3346
2025-11-18 12:03:03.981 | INFO     | modeling:save:145 - 模型已保存到: F:\项目\predict_Lottery_ticket\model\ssq/blue_ball_model/blue_ball_model.h5
2025-11-18 12:03:03.982 | INFO     | __main__:main:264 - 
==================================================
2025-11-18 12:03:03.983 | INFO     | __main__:main:265 - 【双色球】训练完成！
2025-11-18 12:03:03.983 | INFO     | __main__:main:266 - ==================================================
2025-11-18 12:03:03.983 | INFO     | __main__:main:267 - 下一步: python run_predict.py --name ssq
2025-11-18 12:03:03.983 | INFO     | __main__:run:409 - 正在创建【双色球】训练集和测试集...
