2025-11-25 20:49:23.511 | INFO     | __main__:main:343 - 
开始训练【双色球】模型
2025-11-25 20:49:23.512 | INFO     | __main__:main:344 - 配置: 训练集占比=0.7, Batch Size=32, Epochs=50
2025-11-25 20:49:23.516 | INFO     | __main__:load_data:37 - 数据已加载，共 3378 条记录
2025-11-25 20:49:23.516 | INFO     | __main__:load_data:38 - 数据列: ['期数', '红球_1', '红球_2', '红球_3', '红球_4', '红球_5', '红球_6', '蓝球']
2025-11-25 20:49:23.525 | INFO     | __main__:preprocess_data:76 - 红球数据形状: X=(3375, 18), y=(3375, 6)
2025-11-25 20:49:23.525 | INFO     | __main__:preprocess_data:77 - 蓝球数据形状: X=(3375, 3), y=(3375, 1)
2025-11-25 20:49:23.526 | INFO     | __main__:train_red_ball_model:121 - ==================================================
2025-11-25 20:49:23.526 | INFO     | __main__:train_red_ball_model:122 - 开始训练【双色球】红球模型...
2025-11-25 20:49:23.526 | INFO     | __main__:train_red_ball_model:123 - ==================================================
2025-11-25 20:49:23.527 | INFO     | __main__:split_data:114 - 训练数据: 2362, 测试数据: 1013
2025-11-25 20:49:23.538 | INFO     | __main__:load_data:37 - 数据已加载，共 3378 条记录
2025-11-25 20:49:23.538 | INFO     | __main__:load_data:38 - 数据列: ['期数', '红球_1', '红球_2', '红球_3', '红球_4', '红球_5', '红球_6', '蓝球']
2025-11-25 20:49:23.645 | INFO     | modeling:build_model:363 - 构建多标签模型 (MultiLabelLSTM) ...
2025-11-25 20:49:24.205 | INFO     | modeling:build_model:423 - 多标签模型构建完成
2025-11-25 20:49:24.214 | INFO     | modeling:compile_model:435 - 多标签模型编译完成
2025-11-25 20:49:37.783 | INFO     | modeling:train:466 - 多标签模型训练完成
2025-11-25 20:49:38.647 | INFO     | __main__:train_red_ball_model:232 - 红球平均命中数 (Top-6): 1.0938
2025-11-25 20:49:38.647 | INFO     | __main__:train_red_ball_model:234 - 命中0个球，280期，占比: 27.64%
2025-11-25 20:49:38.647 | INFO     | __main__:train_red_ball_model:234 - 命中1个球，428期，占比: 42.25%
2025-11-25 20:49:38.647 | INFO     | __main__:train_red_ball_model:234 - 命中2个球，242期，占比: 23.89%
2025-11-25 20:49:38.648 | INFO     | __main__:train_red_ball_model:234 - 命中3个球，56期，占比: 5.53%
2025-11-25 20:49:38.648 | INFO     | __main__:train_red_ball_model:234 - 命中4个球，7期，占比: 0.69%
2025-11-25 20:49:38.648 | INFO     | __main__:train_red_ball_model:238 - 红球模型已保存到: F:\项目\lottery_forecast\model\ssq/red_ball_model/red_ball_model.h5
2025-11-25 20:49:38.648 | INFO     | __main__:train_blue_ball_model:247 - ==================================================
2025-11-25 20:49:38.648 | INFO     | __main__:train_blue_ball_model:248 - 开始训练【双色球】蓝球模型...
2025-11-25 20:49:38.648 | INFO     | __main__:train_blue_ball_model:249 - ==================================================
2025-11-25 20:49:38.649 | INFO     | __main__:split_data:114 - 训练数据: 2362, 测试数据: 1013
2025-11-25 20:49:38.649 | INFO     | modeling:build_model:38 - 构建模型...
2025-11-25 20:49:38.681 | INFO     | modeling:build_model:68 - 模型构建完成
2025-11-25 20:49:38.683 | INFO     | modeling:compile_model:82 - 模型编译完成
2025-11-25 20:49:45.661 | INFO     | modeling:train:125 - 模型训练完成
2025-11-25 20:49:45.662 | INFO     | __main__:evaluate_model:323 - 
【蓝球】模型评估...
2025-11-25 20:49:46.065 | INFO     | __main__:evaluate_model:331 - 【蓝球】测试准确率: 0.0619
2025-11-25 20:49:46.067 | INFO     | __main__:evaluate_model:338 - 【蓝球】Top-1 命中率: 0.0681
2025-11-25 20:49:46.070 | INFO     | __main__:evaluate_model:338 - 【蓝球】Top-3 命中率: 0.1797
2025-11-25 20:49:46.072 | INFO     | __main__:evaluate_model:338 - 【蓝球】Top-5 命中率: 0.2962
2025-11-25 20:49:46.072 | INFO     | __main__:train_blue_ball_model:314 - 蓝球模型已保存到: F:\项目\lottery_forecast\model\ssq/blue_ball_model/blue_ball_model.h5
2025-11-25 20:49:46.073 | INFO     | __main__:main:360 - 
==================================================
2025-11-25 20:49:46.073 | INFO     | __main__:main:361 - 【双色球】训练完成！
2025-11-25 20:49:46.073 | INFO     | __main__:main:362 - ==================================================
2025-11-25 20:49:46.073 | INFO     | __main__:main:363 - 下一步: python run_predict.py --name ssq
2025-11-25 20:49:46.073 | INFO     | __main__:main:343 - 
开始训练【双色球】模型
2025-11-25 20:49:46.073 | INFO     | __main__:main:344 - 配置: 训练集占比=0.7, Batch Size=32, Epochs=50
2025-11-25 20:49:46.076 | INFO     | __main__:load_data:37 - 数据已加载，共 3378 条记录
2025-11-25 20:49:46.076 | INFO     | __main__:load_data:38 - 数据列: ['期数', '红球_1', '红球_2', '红球_3', '红球_4', '红球_5', '红球_6', '蓝球']
2025-11-25 20:49:46.085 | INFO     | __main__:preprocess_data:76 - 红球数据形状: X=(3375, 18), y=(3375, 6)
2025-11-25 20:49:46.085 | INFO     | __main__:preprocess_data:77 - 蓝球数据形状: X=(3375, 3), y=(3375, 1)
2025-11-25 20:49:46.086 | INFO     | __main__:train_red_ball_model:121 - ==================================================
2025-11-25 20:49:46.086 | INFO     | __main__:train_red_ball_model:122 - 开始训练【双色球】红球模型...
2025-11-25 20:49:46.086 | INFO     | __main__:train_red_ball_model:123 - ==================================================
2025-11-25 20:49:46.086 | INFO     | __main__:split_data:114 - 训练数据: 2362, 测试数据: 1013
2025-11-25 20:49:46.098 | INFO     | __main__:load_data:37 - 数据已加载，共 3378 条记录
2025-11-25 20:49:46.098 | INFO     | __main__:load_data:38 - 数据列: ['期数', '红球_1', '红球_2', '红球_3', '红球_4', '红球_5', '红球_6', '蓝球']
2025-11-25 20:49:46.198 | INFO     | modeling:build_model:363 - 构建多标签模型 (MultiLabelLSTM) ...
2025-11-25 20:49:46.267 | INFO     | modeling:build_model:423 - 多标签模型构建完成
2025-11-25 20:49:46.269 | INFO     | modeling:compile_model:435 - 多标签模型编译完成
2025-11-25 20:50:00.934 | INFO     | modeling:train:466 - 多标签模型训练完成
2025-11-25 20:50:01.901 | INFO     | __main__:train_red_ball_model:232 - 红球平均命中数 (Top-6): 1.1372
2025-11-25 20:50:01.901 | INFO     | __main__:train_red_ball_model:234 - 命中0个球，258期，占比: 25.47%
2025-11-25 20:50:01.901 | INFO     | __main__:train_red_ball_model:234 - 命中1个球，433期，占比: 42.74%
2025-11-25 20:50:01.902 | INFO     | __main__:train_red_ball_model:234 - 命中2个球，255期，占比: 25.17%
2025-11-25 20:50:01.902 | INFO     | __main__:train_red_ball_model:234 - 命中3个球，59期，占比: 5.82%
2025-11-25 20:50:01.902 | INFO     | __main__:train_red_ball_model:234 - 命中4个球，8期，占比: 0.79%
2025-11-25 20:50:01.902 | INFO     | __main__:train_red_ball_model:238 - 红球模型已保存到: F:\项目\lottery_forecast\model\ssq/red_ball_model/red_ball_model.h5
2025-11-25 20:50:01.902 | INFO     | __main__:train_blue_ball_model:247 - ==================================================
2025-11-25 20:50:01.902 | INFO     | __main__:train_blue_ball_model:248 - 开始训练【双色球】蓝球模型...
2025-11-25 20:50:01.903 | INFO     | __main__:train_blue_ball_model:249 - ==================================================
2025-11-25 20:50:01.903 | INFO     | __main__:split_data:114 - 训练数据: 2362, 测试数据: 1013
2025-11-25 20:50:01.903 | INFO     | modeling:build_model:38 - 构建模型...
2025-11-25 20:50:01.927 | INFO     | modeling:build_model:68 - 模型构建完成
2025-11-25 20:50:01.929 | INFO     | modeling:compile_model:82 - 模型编译完成
2025-11-25 20:50:08.389 | INFO     | modeling:train:125 - 模型训练完成
2025-11-25 20:50:08.389 | INFO     | __main__:evaluate_model:323 - 
【蓝球】模型评估...
2025-11-25 20:50:08.845 | INFO     | __main__:evaluate_model:331 - 【蓝球】测试准确率: 0.0592
2025-11-25 20:50:08.849 | INFO     | __main__:evaluate_model:338 - 【蓝球】Top-1 命中率: 0.0592
2025-11-25 20:50:08.852 | INFO     | __main__:evaluate_model:338 - 【蓝球】Top-3 命中率: 0.1935
2025-11-25 20:50:08.856 | INFO     | __main__:evaluate_model:338 - 【蓝球】Top-5 命中率: 0.2922
2025-11-25 20:50:08.857 | INFO     | __main__:train_blue_ball_model:314 - 蓝球模型已保存到: F:\项目\lottery_forecast\model\ssq/blue_ball_model/blue_ball_model.h5
2025-11-25 20:50:08.857 | INFO     | __main__:main:360 - 
==================================================
2025-11-25 20:50:08.857 | INFO     | __main__:main:361 - 【双色球】训练完成！
2025-11-25 20:50:08.858 | INFO     | __main__:main:362 - ==================================================
2025-11-25 20:50:08.858 | INFO     | __main__:main:363 - 下一步: python run_predict.py --name ssq
