2025-11-18 12:01:44.557 | INFO     | __main__:main:243 - 
开始训练【双色球】模型
2025-11-18 12:01:44.558 | INFO     | __main__:main:244 - 配置: 训练集占比=0.7, Batch Size=32, Epochs=50
2025-11-18 12:01:44.565 | INFO     | __main__:load_data:37 - 数据已加载，共 3378 条记录
2025-11-18 12:01:44.565 | INFO     | __main__:load_data:38 - 数据列: ['期数', '红球_1', '红球_2', '红球_3', '红球_4', '红球_5', '红球_6', '蓝球']
2025-11-18 12:01:44.577 | INFO     | __main__:preprocess_data:76 - 红球数据形状: X=(3375, 18), y=(3375, 6)
2025-11-18 12:01:44.577 | INFO     | __main__:preprocess_data:77 - 蓝球数据形状: X=(3375, 3), y=(3375, 1)
2025-11-18 12:01:44.578 | INFO     | __main__:train_red_ball_model:95 - ==================================================
2025-11-18 12:01:44.578 | INFO     | __main__:train_red_ball_model:96 - 开始训练【双色球】红球模型...
2025-11-18 12:01:44.578 | INFO     | __main__:train_red_ball_model:97 - ==================================================
2025-11-18 12:01:44.579 | INFO     | __main__:split_data:88 - 训练数据: 2362, 测试数据: 1013
2025-11-18 12:01:44.579 | INFO     | modeling:build_model:187 - 构建多输出模型...
2025-11-18 12:01:45.172 | INFO     | modeling:build_model:234 - 多输出模型构建完成
2025-11-18 12:01:45.179 | INFO     | modeling:compile_model:250 - 多输出模型编译完成
2025-11-18 12:02:01.535 | INFO     | modeling:train:278 - 多输出模型训练完成
2025-11-18 12:02:02.517 | INFO     | __main__:train_red_ball_model:156 - 红球第1个位置 测试准确率: 0.1451
2025-11-18 12:02:02.517 | INFO     | __main__:train_red_ball_model:156 - 红球第2个位置 测试准确率: 0.0967
2025-11-18 12:02:02.517 | INFO     | __main__:train_red_ball_model:156 - 红球第3个位置 测试准确率: 0.0543
2025-11-18 12:02:02.517 | INFO     | __main__:train_red_ball_model:156 - 红球第4个位置 测试准确率: 0.0652
2025-11-18 12:02:02.518 | INFO     | __main__:train_red_ball_model:156 - 红球第5个位置 测试准确率: 0.0839
2025-11-18 12:02:02.518 | INFO     | __main__:train_red_ball_model:156 - 红球第6个位置 测试准确率: 0.0977
2025-11-18 12:02:02.581 | INFO     | modeling:save:295 - 多输出模型已保存到: F:\项目\predict_Lottery_ticket\model\ssq/red_ball_model/red_ball_model.h5
2025-11-18 12:02:02.582 | INFO     | __main__:train_blue_ball_model:169 - ==================================================
2025-11-18 12:02:02.582 | INFO     | __main__:train_blue_ball_model:170 - 开始训练【双色球】蓝球模型...
2025-11-18 12:02:02.582 | INFO     | __main__:train_blue_ball_model:171 - ==================================================
2025-11-18 12:02:02.583 | INFO     | __main__:split_data:88 - 训练数据: 2362, 测试数据: 1013
2025-11-18 12:02:02.583 | INFO     | modeling:build_model:38 - 构建模型...
2025-11-18 12:02:02.618 | INFO     | modeling:build_model:68 - 模型构建完成
2025-11-18 12:02:02.621 | INFO     | modeling:compile_model:82 - 模型编译完成
