2025-11-18 15:16:39.809 | INFO     | __main__:main:247 - 
开始训练【双色球】模型
2025-11-18 15:16:39.810 | INFO     | __main__:main:248 - 配置: 训练集占比=0.7, Batch Size=32, Epochs=50
2025-11-18 15:16:39.828 | INFO     | __main__:load_data:37 - 数据已加载，共 3378 条记录
2025-11-18 15:16:39.828 | INFO     | __main__:load_data:38 - 数据列: ['期数', '红球_1', '红球_2', '红球_3', '红球_4', '红球_5', '红球_6', '蓝球']
2025-11-18 15:16:39.845 | INFO     | __main__:preprocess_data:76 - 红球数据形状: X=(3375, 18), y=(3375, 6)
2025-11-18 15:16:39.845 | INFO     | __main__:preprocess_data:77 - 蓝球数据形状: X=(3375, 3), y=(3375, 1)
2025-11-18 15:16:39.846 | INFO     | __main__:train_red_ball_model:95 - ==================================================
2025-11-18 15:16:39.846 | INFO     | __main__:train_red_ball_model:96 - 开始训练【双色球】红球模型...
2025-11-18 15:16:39.847 | INFO     | __main__:train_red_ball_model:97 - ==================================================
2025-11-18 15:16:39.847 | INFO     | __main__:split_data:88 - 训练数据: 2362, 测试数据: 1013
2025-11-18 15:16:39.847 | INFO     | modeling:build_model:187 - 构建多输出模型...
2025-11-18 15:16:40.579 | INFO     | modeling:build_model:234 - 多输出模型构建完成
2025-11-18 15:16:40.586 | INFO     | modeling:compile_model:250 - 多输出模型编译完成
2025-11-18 15:16:53.408 | INFO     | modeling:train:278 - 多输出模型训练完成
2025-11-18 15:16:53.939 | INFO     | __main__:train_red_ball_model:156 - 红球第1个位置 测试准确率: 0.1441
2025-11-18 15:16:53.939 | INFO     | __main__:train_red_ball_model:156 - 红球第2个位置 测试准确率: 0.0918
2025-11-18 15:16:53.940 | INFO     | __main__:train_red_ball_model:156 - 红球第3个位置 测试准确率: 0.0612
2025-11-18 15:16:53.940 | INFO     | __main__:train_red_ball_model:156 - 红球第4个位置 测试准确率: 0.0721
2025-11-18 15:16:53.940 | INFO     | __main__:train_red_ball_model:156 - 红球第5个位置 测试准确率: 0.0928
2025-11-18 15:16:53.940 | INFO     | __main__:train_red_ball_model:156 - 红球第6个位置 测试准确率: 0.0000
2025-11-18 15:16:53.975 | INFO     | modeling:save:295 - 多输出模型已保存到: F:\项目\predict_Lottery_ticket\model\ssq/red_ball_model/red_ball_model.h5
2025-11-18 15:16:53.975 | INFO     | __main__:train_blue_ball_model:169 - ==================================================
2025-11-18 15:16:53.976 | INFO     | __main__:train_blue_ball_model:170 - 开始训练【双色球】蓝球模型...
2025-11-18 15:16:53.976 | INFO     | __main__:train_blue_ball_model:171 - ==================================================
2025-11-18 15:16:53.976 | INFO     | __main__:split_data:88 - 训练数据: 2362, 测试数据: 1013
2025-11-18 15:16:53.976 | INFO     | modeling:build_model:38 - 构建模型...
2025-11-18 15:16:54.011 | INFO     | modeling:build_model:68 - 模型构建完成
2025-11-18 15:16:54.014 | INFO     | modeling:compile_model:82 - 模型编译完成
2025-11-18 15:17:00.152 | INFO     | modeling:train:119 - 模型训练完成
2025-11-18 15:17:00.152 | INFO     | __main__:evaluate_model:227 - 
【蓝球】模型评估...
2025-11-18 15:17:00.556 | INFO     | __main__:evaluate_model:235 - 【蓝球】测试准确率: 0.0602
2025-11-18 15:17:00.558 | INFO     | __main__:evaluate_model:242 - 【蓝球】Top-1 命中率: 0.0642
2025-11-18 15:17:00.560 | INFO     | __main__:evaluate_model:242 - 【蓝球】Top-3 命中率: 0.1816
2025-11-18 15:17:00.562 | INFO     | __main__:evaluate_model:242 - 【蓝球】Top-5 命中率: 0.3011
2025-11-18 15:17:00.576 | INFO     | modeling:save:145 - 模型已保存到: F:\项目\predict_Lottery_ticket\model\ssq/blue_ball_model/blue_ball_model.h5
2025-11-18 15:17:00.576 | INFO     | __main__:main:264 - 
==================================================
2025-11-18 15:17:00.576 | INFO     | __main__:main:265 - 【双色球】训练完成！
2025-11-18 15:17:00.577 | INFO     | __main__:main:266 - ==================================================
2025-11-18 15:17:00.577 | INFO     | __main__:main:267 - 下一步: python run_predict.py --name ssq
2025-11-18 15:17:00.577 | INFO     | __main__:main:247 - 
开始训练【双色球】模型
2025-11-18 15:17:00.577 | INFO     | __main__:main:248 - 配置: 训练集占比=0.7, Batch Size=32, Epochs=50
2025-11-18 15:17:00.580 | INFO     | __main__:load_data:37 - 数据已加载，共 3378 条记录
2025-11-18 15:17:00.580 | INFO     | __main__:load_data:38 - 数据列: ['期数', '红球_1', '红球_2', '红球_3', '红球_4', '红球_5', '红球_6', '蓝球']
2025-11-18 15:17:00.590 | INFO     | __main__:preprocess_data:76 - 红球数据形状: X=(3375, 18), y=(3375, 6)
2025-11-18 15:17:00.590 | INFO     | __main__:preprocess_data:77 - 蓝球数据形状: X=(3375, 3), y=(3375, 1)
2025-11-18 15:17:00.590 | INFO     | __main__:train_red_ball_model:95 - ==================================================
2025-11-18 15:17:00.590 | INFO     | __main__:train_red_ball_model:96 - 开始训练【双色球】红球模型...
2025-11-18 15:17:00.590 | INFO     | __main__:train_red_ball_model:97 - ==================================================
2025-11-18 15:17:00.591 | INFO     | __main__:split_data:88 - 训练数据: 2362, 测试数据: 1013
2025-11-18 15:17:00.591 | INFO     | modeling:build_model:187 - 构建多输出模型...
2025-11-18 15:17:00.650 | INFO     | modeling:build_model:234 - 多输出模型构建完成
2025-11-18 15:17:00.651 | INFO     | modeling:compile_model:250 - 多输出模型编译完成
2025-11-18 15:17:12.536 | INFO     | modeling:train:278 - 多输出模型训练完成
2025-11-18 15:17:13.059 | INFO     | __main__:train_red_ball_model:156 - 红球第1个位置 测试准确率: 0.1451
2025-11-18 15:17:13.059 | INFO     | __main__:train_red_ball_model:156 - 红球第2个位置 测试准确率: 0.0918
2025-11-18 15:17:13.059 | INFO     | __main__:train_red_ball_model:156 - 红球第3个位置 测试准确率: 0.0652
2025-11-18 15:17:13.060 | INFO     | __main__:train_red_ball_model:156 - 红球第4个位置 测试准确率: 0.0711
2025-11-18 15:17:13.060 | INFO     | __main__:train_red_ball_model:156 - 红球第5个位置 测试准确率: 0.0809
2025-11-18 15:17:13.060 | INFO     | __main__:train_red_ball_model:156 - 红球第6个位置 测试准确率: 0.0000
2025-11-18 15:17:13.097 | INFO     | modeling:save:295 - 多输出模型已保存到: F:\项目\predict_Lottery_ticket\model\ssq/red_ball_model/red_ball_model.h5
2025-11-18 15:17:13.097 | INFO     | __main__:train_blue_ball_model:169 - ==================================================
2025-11-18 15:17:13.097 | INFO     | __main__:train_blue_ball_model:170 - 开始训练【双色球】蓝球模型...
2025-11-18 15:17:13.098 | INFO     | __main__:train_blue_ball_model:171 - ==================================================
2025-11-18 15:17:13.098 | INFO     | __main__:split_data:88 - 训练数据: 2362, 测试数据: 1013
2025-11-18 15:17:13.098 | INFO     | modeling:build_model:38 - 构建模型...
2025-11-18 15:17:13.124 | INFO     | modeling:build_model:68 - 模型构建完成
2025-11-18 15:17:13.126 | INFO     | modeling:compile_model:82 - 模型编译完成
2025-11-18 15:17:20.055 | INFO     | modeling:train:119 - 模型训练完成
2025-11-18 15:17:20.055 | INFO     | __main__:evaluate_model:227 - 
【蓝球】模型评估...
2025-11-18 15:17:20.468 | INFO     | __main__:evaluate_model:235 - 【蓝球】测试准确率: 0.0596
2025-11-18 15:17:20.471 | INFO     | __main__:evaluate_model:242 - 【蓝球】Top-1 命中率: 0.0602
2025-11-18 15:17:20.472 | INFO     | __main__:evaluate_model:242 - 【蓝球】Top-3 命中率: 0.1925
2025-11-18 15:17:20.475 | INFO     | __main__:evaluate_model:242 - 【蓝球】Top-5 命中率: 0.3011
2025-11-18 15:17:20.488 | INFO     | modeling:save:145 - 模型已保存到: F:\项目\predict_Lottery_ticket\model\ssq/blue_ball_model/blue_ball_model.h5
2025-11-18 15:17:20.488 | INFO     | __main__:main:264 - 
==================================================
2025-11-18 15:17:20.488 | INFO     | __main__:main:265 - 【双色球】训练完成！
2025-11-18 15:17:20.489 | INFO     | __main__:main:266 - ==================================================
2025-11-18 15:17:20.489 | INFO     | __main__:main:267 - 下一步: python run_predict.py --name ssq
