2025-12-11 09:57:05.149 | INFO     | __main__:main:97 - 开始预处理数据并训练（使用内存筛选数据）...
2025-12-11 09:57:05.166 | INFO     | run_train_model:preprocess_data:76 - 红球数据形状: X=(2805, 15), y=(2805, 5)
2025-12-11 09:57:05.167 | INFO     | run_train_model:preprocess_data:77 - 蓝球数据形状: X=(2805, 6), y=(2805, 2)
2025-12-11 09:57:05.168 | INFO     | __main__:main:101 - 开始训练红球模型...
2025-12-11 09:57:05.169 | INFO     | run_train_model:train_red_ball_model:121 - ==================================================
2025-12-11 09:57:05.170 | INFO     | run_train_model:train_red_ball_model:122 - 开始训练【大乐透】红球模型...
2025-12-11 09:57:05.170 | INFO     | run_train_model:train_red_ball_model:123 - ==================================================
2025-12-11 09:57:05.171 | INFO     | run_train_model:split_data:114 - 训练数据: 1963, 测试数据: 842
2025-12-11 09:57:05.189 | INFO     | __main__:_load_data_override:91 - (override) 返回内存中筛选后的数据，shape=(2808, 10)
2025-12-11 09:57:05.321 | INFO     | modeling:build_model:442 - 构建多标签模型 (MultiLabelLSTM) ...
2025-12-11 09:57:06.097 | INFO     | modeling:build_model:502 - 多标签模型构建完成
2025-12-11 09:57:06.111 | INFO     | modeling:compile_model:514 - 多标签模型编译完成
2025-12-11 09:57:31.935 | INFO     | modeling:train:545 - 多标签模型训练完成
2025-12-11 09:57:33.345 | INFO     | run_train_model:train_red_ball_model:232 - 红球平均命中数 (Top-5): 0.9216
2025-12-11 09:57:33.346 | INFO     | run_train_model:train_red_ball_model:234 - 命中0个球，291期，占比: 34.56%
2025-12-11 09:57:33.346 | INFO     | run_train_model:train_red_ball_model:234 - 命中1个球，359期，占比: 42.64%
2025-12-11 09:57:33.347 | INFO     | run_train_model:train_red_ball_model:234 - 命中2个球，160期，占比: 19.0%
2025-12-11 09:57:33.347 | INFO     | run_train_model:train_red_ball_model:234 - 命中3个球，31期，占比: 3.68%
2025-12-11 09:57:33.348 | INFO     | run_train_model:train_red_ball_model:234 - 命中4个球，1期，占比: 0.12%
2025-12-11 09:57:33.348 | INFO     | run_train_model:train_red_ball_model:238 - 红球模型已保存到: F:\项目\lottery_forecast\model\dlt/red_ball_model/red_ball_model.h5
2025-12-11 09:57:33.349 | INFO     | __main__:main:105 - 开始训练蓝球模型...
2025-12-11 09:57:33.349 | INFO     | run_train_model:train_blue_ball_model:247 - ==================================================
2025-12-11 09:57:33.350 | INFO     | run_train_model:train_blue_ball_model:248 - 开始训练【大乐透】蓝球模型...
2025-12-11 09:57:33.350 | INFO     | run_train_model:train_blue_ball_model:249 - ==================================================
2025-12-11 09:57:33.350 | INFO     | run_train_model:split_data:114 - 训练数据: 1963, 测试数据: 842
