2025-12-10 17:29:56.145 | INFO     | __main__:main:343 - 
开始训练【大乐透】模型
2025-12-10 17:29:56.146 | INFO     | __main__:main:344 - 配置: 训练集占比=0.7, Batch Size=32, Epochs=50
2025-12-10 17:29:56.182 | INFO     | __main__:load_data:37 - 数据已加载，共 2808 条记录
2025-12-10 17:29:56.182 | INFO     | __main__:load_data:38 - 数据列: ['期数', '红球_1', '红球_2', '红球_3', '红球_4', '红球_5', '蓝球_1', '蓝球_2']
2025-12-10 17:29:56.192 | INFO     | __main__:preprocess_data:76 - 红球数据形状: X=(2805, 15), y=(2805, 5)
2025-12-10 17:29:56.192 | INFO     | __main__:preprocess_data:77 - 蓝球数据形状: X=(2805, 6), y=(2805, 2)
2025-12-10 17:29:56.199 | INFO     | __main__:train_red_ball_model:121 - ==================================================
2025-12-10 17:29:56.200 | INFO     | __main__:train_red_ball_model:122 - 开始训练【大乐透】红球模型...
2025-12-10 17:29:56.200 | INFO     | __main__:train_red_ball_model:123 - ==================================================
2025-12-10 17:29:56.203 | INFO     | __main__:split_data:114 - 训练数据: 1963, 测试数据: 842
2025-12-10 17:29:56.217 | INFO     | __main__:load_data:37 - 数据已加载，共 2808 条记录
2025-12-10 17:29:56.218 | INFO     | __main__:load_data:38 - 数据列: ['期数', '红球_1', '红球_2', '红球_3', '红球_4', '红球_5', '蓝球_1', '蓝球_2']
2025-12-10 17:29:56.320 | INFO     | modeling:build_model:442 - 构建多标签模型 (MultiLabelLSTM) ...
2025-12-10 17:29:57.120 | INFO     | modeling:build_model:502 - 多标签模型构建完成
2025-12-10 17:29:57.131 | INFO     | modeling:compile_model:514 - 多标签模型编译完成
2025-12-10 17:30:25.547 | INFO     | modeling:train:545 - 多标签模型训练完成
2025-12-10 17:30:26.627 | INFO     | __main__:train_red_ball_model:232 - 红球平均命中数 (Top-5): 0.8848
2025-12-10 17:30:26.628 | INFO     | __main__:train_red_ball_model:234 - 命中0个球，286期，占比: 33.97%
2025-12-10 17:30:26.628 | INFO     | __main__:train_red_ball_model:234 - 命中1个球，385期，占比: 45.72%
2025-12-10 17:30:26.629 | INFO     | __main__:train_red_ball_model:234 - 命中2个球，153期，占比: 18.17%
2025-12-10 17:30:26.629 | INFO     | __main__:train_red_ball_model:234 - 命中3个球，18期，占比: 2.14%
2025-12-10 17:30:26.629 | INFO     | __main__:train_red_ball_model:238 - 红球模型已保存到: F:\项目\lottery_forecast\model\dlt/red_ball_model/red_ball_model.h5
2025-12-10 17:30:26.630 | INFO     | __main__:train_blue_ball_model:247 - ==================================================
2025-12-10 17:30:26.630 | INFO     | __main__:train_blue_ball_model:248 - 开始训练【大乐透】蓝球模型...
2025-12-10 17:30:26.631 | INFO     | __main__:train_blue_ball_model:249 - ==================================================
2025-12-10 17:30:26.631 | INFO     | __main__:split_data:114 - 训练数据: 1963, 测试数据: 842
2025-12-10 17:30:26.631 | INFO     | modeling:build_model:68 - 构建模型...
2025-12-10 17:30:26.945 | INFO     | modeling:build_model:98 - 模型构建完成
2025-12-10 17:30:26.949 | INFO     | modeling:compile_model:112 - 模型编译完成
