2025-11-25 20:19:17.160 | INFO     | __main__:main:342 - 
开始训练【双色球】模型
2025-11-25 20:19:17.160 | INFO     | __main__:main:343 - 配置: 训练集占比=0.7, Batch Size=32, Epochs=5
2025-11-25 20:19:17.165 | INFO     | __main__:load_data:37 - 数据已加载，共 3378 条记录
2025-11-25 20:19:17.165 | INFO     | __main__:load_data:38 - 数据列: ['期数', '红球_1', '红球_2', '红球_3', '红球_4', '红球_5', '红球_6', '蓝球']
2025-11-25 20:19:17.174 | INFO     | __main__:preprocess_data:76 - 红球数据形状: X=(3375, 18), y=(3375, 6)
2025-11-25 20:19:17.174 | INFO     | __main__:preprocess_data:77 - 蓝球数据形状: X=(3375, 3), y=(3375, 1)
2025-11-25 20:19:17.175 | INFO     | __main__:train_red_ball_model:121 - ==================================================
2025-11-25 20:19:17.175 | INFO     | __main__:train_red_ball_model:122 - 开始训练【双色球】红球模型...
2025-11-25 20:19:17.175 | INFO     | __main__:train_red_ball_model:123 - ==================================================
2025-11-25 20:19:17.176 | INFO     | __main__:split_data:114 - 训练数据: 2362, 测试数据: 1013
2025-11-25 20:19:17.190 | INFO     | __main__:load_data:37 - 数据已加载，共 3378 条记录
2025-11-25 20:19:17.190 | INFO     | __main__:load_data:38 - 数据列: ['期数', '红球_1', '红球_2', '红球_3', '红球_4', '红球_5', '红球_6', '蓝球']
2025-11-25 20:19:17.291 | INFO     | modeling:build_model:361 - 构建多标签模型 (MultiLabelLSTM) ...
2025-11-25 20:19:17.849 | INFO     | modeling:build_model:408 - 多标签模型构建完成
2025-11-25 20:19:17.856 | INFO     | modeling:compile_model:420 - 多标签模型编译完成
2025-11-25 20:19:25.748 | INFO     | modeling:train:451 - 多标签模型训练完成
2025-11-25 20:19:26.661 | INFO     | __main__:train_red_ball_model:231 - 红球平均命中数 (Top-6): 1.1007
2025-11-25 20:19:26.662 | INFO     | __main__:train_red_ball_model:233 - 命中0个球，268期，占比: 26.46%
2025-11-25 20:19:26.662 | INFO     | __main__:train_red_ball_model:233 - 命中1个球，440期，占比: 43.44%
2025-11-25 20:19:26.662 | INFO     | __main__:train_red_ball_model:233 - 命中2个球，243期，占比: 23.99%
2025-11-25 20:19:26.662 | INFO     | __main__:train_red_ball_model:233 - 命中3个球，59期，占比: 5.82%
2025-11-25 20:19:26.663 | INFO     | __main__:train_red_ball_model:233 - 命中4个球，3期，占比: 0.3%
2025-11-25 20:19:26.663 | INFO     | __main__:train_red_ball_model:237 - 红球模型已保存到: F:\项目\lottery_forecast\model\ssq/red_ball_model/red_ball_model.h5
2025-11-25 20:19:26.663 | INFO     | __main__:train_blue_ball_model:246 - ==================================================
2025-11-25 20:19:26.663 | INFO     | __main__:train_blue_ball_model:247 - 开始训练【双色球】蓝球模型...
2025-11-25 20:19:26.663 | INFO     | __main__:train_blue_ball_model:248 - ==================================================
2025-11-25 20:19:26.663 | INFO     | __main__:split_data:114 - 训练数据: 2362, 测试数据: 1013
2025-11-25 20:19:26.663 | INFO     | modeling:build_model:38 - 构建模型...
2025-11-25 20:19:26.695 | INFO     | modeling:build_model:68 - 模型构建完成
2025-11-25 20:19:26.697 | INFO     | modeling:compile_model:82 - 模型编译完成
