2025-11-25 21:05:49.684 | INFO     | __main__:main:343 - 
开始训练【双色球】模型
2025-11-25 21:05:49.685 | INFO     | __main__:main:344 - 配置: 训练集占比=0.7, Batch Size=32, Epochs=50
2025-11-25 21:05:49.695 | INFO     | __main__:load_data:37 - 数据已加载，共 3378 条记录
2025-11-25 21:05:49.695 | INFO     | __main__:load_data:38 - 数据列: ['期数', '红球_1', '红球_2', '红球_3', '红球_4', '红球_5', '红球_6', '蓝球']
2025-11-25 21:05:49.710 | INFO     | __main__:preprocess_data:76 - 红球数据形状: X=(3375, 18), y=(3375, 6)
2025-11-25 21:05:49.710 | INFO     | __main__:preprocess_data:77 - 蓝球数据形状: X=(3375, 3), y=(3375, 1)
2025-11-25 21:05:49.711 | INFO     | __main__:train_red_ball_model:121 - ==================================================
2025-11-25 21:05:49.711 | INFO     | __main__:train_red_ball_model:122 - 开始训练【双色球】红球模型...
2025-11-25 21:05:49.711 | INFO     | __main__:train_red_ball_model:123 - ==================================================
2025-11-25 21:05:49.711 | INFO     | __main__:split_data:114 - 训练数据: 2362, 测试数据: 1013
2025-11-25 21:05:49.727 | INFO     | __main__:load_data:37 - 数据已加载，共 3378 条记录
2025-11-25 21:05:49.727 | INFO     | __main__:load_data:38 - 数据列: ['期数', '红球_1', '红球_2', '红球_3', '红球_4', '红球_5', '红球_6', '蓝球']
2025-11-25 21:05:49.858 | INFO     | modeling:build_model:440 - 构建多标签模型 (MultiLabelLSTM) ...
2025-11-25 21:05:50.467 | INFO     | modeling:build_model:500 - 多标签模型构建完成
2025-11-25 21:05:50.475 | INFO     | modeling:compile_model:512 - 多标签模型编译完成
2025-11-25 21:06:05.567 | INFO     | modeling:train:543 - 多标签模型训练完成
2025-11-25 21:06:06.464 | INFO     | __main__:train_red_ball_model:232 - 红球平均命中数 (Top-6): 1.1125
2025-11-25 21:06:06.464 | INFO     | __main__:train_red_ball_model:234 - 命中0个球，271期，占比: 26.75%
2025-11-25 21:06:06.464 | INFO     | __main__:train_red_ball_model:234 - 命中1个球，432期，占比: 42.65%
2025-11-25 21:06:06.464 | INFO     | __main__:train_red_ball_model:234 - 命中2个球，241期，占比: 23.79%
2025-11-25 21:06:06.464 | INFO     | __main__:train_red_ball_model:234 - 命中3个球，63期，占比: 6.22%
2025-11-25 21:06:06.464 | INFO     | __main__:train_red_ball_model:234 - 命中4个球，6期，占比: 0.59%
2025-11-25 21:06:06.465 | INFO     | __main__:train_red_ball_model:238 - 红球模型已保存到: F:\项目\lottery_forecast\model\ssq/red_ball_model/red_ball_model.h5
2025-11-25 21:06:06.465 | INFO     | __main__:train_blue_ball_model:247 - ==================================================
2025-11-25 21:06:06.465 | INFO     | __main__:train_blue_ball_model:248 - 开始训练【双色球】蓝球模型...
2025-11-25 21:06:06.465 | INFO     | __main__:train_blue_ball_model:249 - ==================================================
2025-11-25 21:06:06.465 | INFO     | __main__:split_data:114 - 训练数据: 2362, 测试数据: 1013
2025-11-25 21:06:06.465 | INFO     | modeling:build_model:68 - 构建模型...
2025-11-25 21:06:06.504 | INFO     | modeling:build_model:98 - 模型构建完成
2025-11-25 21:06:06.506 | INFO     | modeling:compile_model:112 - 模型编译完成
2025-11-25 21:06:12.632 | INFO     | modeling:train:155 - 模型训练完成
2025-11-25 21:06:12.632 | INFO     | __main__:evaluate_model:323 - 
【蓝球】模型评估...
2025-11-25 21:06:13.031 | INFO     | __main__:evaluate_model:331 - 【蓝球】测试准确率: 0.0595
2025-11-25 21:06:13.034 | INFO     | __main__:evaluate_model:338 - 【蓝球】Top-1 命中率: 0.0622
2025-11-25 21:06:13.036 | INFO     | __main__:evaluate_model:338 - 【蓝球】Top-3 命中率: 0.1807
2025-11-25 21:06:13.039 | INFO     | __main__:evaluate_model:338 - 【蓝球】Top-5 命中率: 0.3090
2025-11-25 21:06:13.039 | INFO     | __main__:train_blue_ball_model:314 - 蓝球模型已保存到: F:\项目\lottery_forecast\model\ssq/blue_ball_model/blue_ball_model.h5
2025-11-25 21:06:13.040 | INFO     | __main__:main:360 - 
==================================================
2025-11-25 21:06:13.040 | INFO     | __main__:main:361 - 【双色球】训练完成！
2025-11-25 21:06:13.040 | INFO     | __main__:main:362 - ==================================================
2025-11-25 21:06:13.040 | INFO     | __main__:main:363 - 下一步: python run_predict.py --name ssq
2025-11-25 21:06:13.040 | INFO     | __main__:main:343 - 
开始训练【双色球】模型
2025-11-25 21:06:13.040 | INFO     | __main__:main:344 - 配置: 训练集占比=0.7, Batch Size=32, Epochs=50
2025-11-25 21:06:13.042 | INFO     | __main__:load_data:37 - 数据已加载，共 3378 条记录
2025-11-25 21:06:13.043 | INFO     | __main__:load_data:38 - 数据列: ['期数', '红球_1', '红球_2', '红球_3', '红球_4', '红球_5', '红球_6', '蓝球']
2025-11-25 21:06:13.051 | INFO     | __main__:preprocess_data:76 - 红球数据形状: X=(3375, 18), y=(3375, 6)
2025-11-25 21:06:13.051 | INFO     | __main__:preprocess_data:77 - 蓝球数据形状: X=(3375, 3), y=(3375, 1)
2025-11-25 21:06:13.052 | INFO     | __main__:train_red_ball_model:121 - ==================================================
2025-11-25 21:06:13.052 | INFO     | __main__:train_red_ball_model:122 - 开始训练【双色球】红球模型...
2025-11-25 21:06:13.052 | INFO     | __main__:train_red_ball_model:123 - ==================================================
2025-11-25 21:06:13.053 | INFO     | __main__:split_data:114 - 训练数据: 2362, 测试数据: 1013
2025-11-25 21:06:13.063 | INFO     | __main__:load_data:37 - 数据已加载，共 3378 条记录
2025-11-25 21:06:13.064 | INFO     | __main__:load_data:38 - 数据列: ['期数', '红球_1', '红球_2', '红球_3', '红球_4', '红球_5', '红球_6', '蓝球']
2025-11-25 21:06:13.163 | INFO     | modeling:build_model:440 - 构建多标签模型 (MultiLabelLSTM) ...
2025-11-25 21:06:13.230 | INFO     | modeling:build_model:500 - 多标签模型构建完成
2025-11-25 21:06:13.232 | INFO     | modeling:compile_model:512 - 多标签模型编译完成
2025-11-25 21:06:26.010 | INFO     | modeling:train:543 - 多标签模型训练完成
2025-11-25 21:06:27.133 | INFO     | __main__:train_red_ball_model:232 - 红球平均命中数 (Top-6): 1.1086
2025-11-25 21:06:27.133 | INFO     | __main__:train_red_ball_model:234 - 命中0个球，255期，占比: 25.17%
2025-11-25 21:06:27.133 | INFO     | __main__:train_red_ball_model:234 - 命中1个球，453期，占比: 44.72%
2025-11-25 21:06:27.133 | INFO     | __main__:train_red_ball_model:234 - 命中2个球，251期，占比: 24.78%
2025-11-25 21:06:27.134 | INFO     | __main__:train_red_ball_model:234 - 命中3个球，48期，占比: 4.74%
2025-11-25 21:06:27.134 | INFO     | __main__:train_red_ball_model:234 - 命中4个球，6期，占比: 0.59%
2025-11-25 21:06:27.134 | INFO     | __main__:train_red_ball_model:238 - 红球模型已保存到: F:\项目\lottery_forecast\model\ssq/red_ball_model/red_ball_model.h5
2025-11-25 21:06:27.134 | INFO     | __main__:train_blue_ball_model:247 - ==================================================
2025-11-25 21:06:27.134 | INFO     | __main__:train_blue_ball_model:248 - 开始训练【双色球】蓝球模型...
2025-11-25 21:06:27.134 | INFO     | __main__:train_blue_ball_model:249 - ==================================================
2025-11-25 21:06:27.134 | INFO     | __main__:split_data:114 - 训练数据: 2362, 测试数据: 1013
2025-11-25 21:06:27.135 | INFO     | modeling:build_model:68 - 构建模型...
2025-11-25 21:06:27.162 | INFO     | modeling:build_model:98 - 模型构建完成
2025-11-25 21:06:27.164 | INFO     | modeling:compile_model:112 - 模型编译完成
2025-11-25 21:06:34.632 | INFO     | modeling:train:155 - 模型训练完成
2025-11-25 21:06:34.633 | INFO     | __main__:evaluate_model:323 - 
【蓝球】模型评估...
2025-11-25 21:06:35.103 | INFO     | __main__:evaluate_model:331 - 【蓝球】测试准确率: 0.0593
2025-11-25 21:06:35.106 | INFO     | __main__:evaluate_model:338 - 【蓝球】Top-1 命中率: 0.0622
2025-11-25 21:06:35.109 | INFO     | __main__:evaluate_model:338 - 【蓝球】Top-3 命中率: 0.1797
2025-11-25 21:06:35.112 | INFO     | __main__:evaluate_model:338 - 【蓝球】Top-5 命中率: 0.2962
2025-11-25 21:06:35.112 | INFO     | __main__:train_blue_ball_model:314 - 蓝球模型已保存到: F:\项目\lottery_forecast\model\ssq/blue_ball_model/blue_ball_model.h5
2025-11-25 21:06:35.113 | INFO     | __main__:main:360 - 
==================================================
2025-11-25 21:06:35.113 | INFO     | __main__:main:361 - 【双色球】训练完成！
2025-11-25 21:06:35.113 | INFO     | __main__:main:362 - ==================================================
2025-11-25 21:06:35.113 | INFO     | __main__:main:363 - 下一步: python run_predict.py --name ssq
